This is XeTeX, Version 3.141592653-2.6-0.999997 (TeX Live 2025) (preloaded format=xelatex 2025.6.28)  30 AUG 2025 00:40
entering extended mode
 restricted \write18 enabled.
 %&-line parsing enabled.
**CASA-Thesis.tex
(./CASA-Thesis.tex
LaTeX2e <2025-06-01> patch level 1
L3 programming layer <2025-05-26>
(c:/Users/Lenovo/AppData/Roaming/TinyTeX/texmf-dist/tex/latex/base/book.cls
Document Class: book 2025/01/22 v1.4n Standard LaTeX document class
(c:/Users/Lenovo/AppData/Roaming/TinyTeX/texmf-dist/tex/latex/base/bk12.clo
File: bk12.clo 2025/01/22 v1.4n Standard LaTeX file (size option)
)
\c@part=\count271
\c@chapter=\count272
\c@section=\count273
\c@subsection=\count274
\c@subsubsection=\count275
\c@paragraph=\count276
\c@subparagraph=\count277
\c@figure=\count278
\c@table=\count279
\abovecaptionskip=\skip49
\belowcaptionskip=\skip50
\bibindent=\dimen148
) (c:/Users/Lenovo/AppData/Roaming/TinyTeX/texmf-dist/tex/latex/xcolor/xcolor.sty
Package: xcolor 2024/09/29 v3.02 LaTeX color extensions (UK)
(c:/Users/Lenovo/AppData/Roaming/TinyTeX/texmf-dist/tex/latex/graphics-cfg/color.cfg
File: color.cfg 2016/01/02 v1.6 sample color configuration
)
Package xcolor Info: Driver file: xetex.def on input line 274.
(c:/Users/Lenovo/AppData/Roaming/TinyTeX/texmf-dist/tex/latex/graphics-def/xetex.def
File: xetex.def 2022/09/22 v5.0n Graphics/color driver for xetex
) (c:/Users/Lenovo/AppData/Roaming/TinyTeX/texmf-dist/tex/latex/graphics/mathcolor.ltx)
Package xcolor Info: Model `cmy' substituted by `cmy0' on input line 1349.
Package xcolor Info: Model `RGB' extended on input line 1365.
Package xcolor Info: Model `HTML' substituted by `rgb' on input line 1367.
Package xcolor Info: Model `Hsb' substituted by `hsb' on input line 1368.
Package xcolor Info: Model `tHsb' substituted by `hsb' on input line 1369.
Package xcolor Info: Model `HSB' substituted by `hsb' on input line 1370.
Package xcolor Info: Model `Gray' substituted by `gray' on input line 1371.
Package xcolor Info: Model `wave' substituted by `hsb' on input line 1372.
) (c:/Users/Lenovo/AppData/Roaming/TinyTeX/texmf-dist/tex/latex/geometry/geometry.sty
Package: geometry 2020/01/02 v5.9 Page Geometry
(c:/Users/Lenovo/AppData/Roaming/TinyTeX/texmf-dist/tex/latex/graphics/keyval.sty
Package: keyval 2022/05/29 v1.15 key=value parser (DPC)
\KV@toks@=\toks17
) (c:/Users/Lenovo/AppData/Roaming/TinyTeX/texmf-dist/tex/generic/iftex/ifvtex.sty
Package: ifvtex 2019/10/25 v1.7 ifvtex legacy package. Use iftex instead.
(c:/Users/Lenovo/AppData/Roaming/TinyTeX/texmf-dist/tex/generic/iftex/iftex.sty
Package: iftex 2024/12/12 v1.0g TeX engine tests
))
\Gm@cnth=\count280
\Gm@cntv=\count281
\c@Gm@tempcnt=\count282
\Gm@bindingoffset=\dimen149
\Gm@wd@mp=\dimen150
\Gm@odd@mp=\dimen151
\Gm@even@mp=\dimen152
\Gm@layoutwidth=\dimen153
\Gm@layoutheight=\dimen154
\Gm@layouthoffset=\dimen155
\Gm@layoutvoffset=\dimen156
\Gm@dimlist=\toks18
) (c:/Users/Lenovo/AppData/Roaming/TinyTeX/texmf-dist/tex/latex/amsmath/amsmath.sty
Package: amsmath 2025/06/16 v2.17y AMS math features
\@mathmargin=\skip51
For additional information on amsmath, use the `?' option.
(c:/Users/Lenovo/AppData/Roaming/TinyTeX/texmf-dist/tex/latex/amsmath/amstext.sty
Package: amstext 2024/11/17 v2.01 AMS text
(c:/Users/Lenovo/AppData/Roaming/TinyTeX/texmf-dist/tex/latex/amsmath/amsgen.sty
File: amsgen.sty 1999/11/30 v2.0 generic functions
\@emptytoks=\toks19
\ex@=\dimen157
)) (c:/Users/Lenovo/AppData/Roaming/TinyTeX/texmf-dist/tex/latex/amsmath/amsbsy.sty
Package: amsbsy 1999/11/29 v1.2d Bold Symbols
\pmbraise@=\dimen158
) (c:/Users/Lenovo/AppData/Roaming/TinyTeX/texmf-dist/tex/latex/amsmath/amsopn.sty
Package: amsopn 2022/04/08 v2.04 operator names
)
\inf@bad=\count283
LaTeX Info: Redefining \frac on input line 233.
\uproot@=\count284
\leftroot@=\count285
LaTeX Info: Redefining \overline on input line 398.
LaTeX Info: Redefining \colon on input line 409.
\classnum@=\count286
\DOTSCASE@=\count287
LaTeX Info: Redefining \ldots on input line 495.
LaTeX Info: Redefining \dots on input line 498.
LaTeX Info: Redefining \cdots on input line 619.
\Mathstrutbox@=\box53
\strutbox@=\box54
LaTeX Info: Redefining \big on input line 721.
LaTeX Info: Redefining \Big on input line 722.
LaTeX Info: Redefining \bigg on input line 723.
LaTeX Info: Redefining \Bigg on input line 724.
\big@size=\dimen159
LaTeX Font Info:    Redeclaring font encoding OML on input line 742.
LaTeX Font Info:    Redeclaring font encoding OMS on input line 743.
\macc@depth=\count288
LaTeX Info: Redefining \bmod on input line 904.
LaTeX Info: Redefining \pmod on input line 909.
LaTeX Info: Redefining \smash on input line 939.
LaTeX Info: Redefining \relbar on input line 969.
LaTeX Info: Redefining \Relbar on input line 970.
\c@MaxMatrixCols=\count289
\dotsspace@=\muskip17
\c@parentequation=\count290
\dspbrk@lvl=\count291
\tag@help=\toks20
\row@=\count292
\column@=\count293
\maxfields@=\count294
\andhelp@=\toks21
\eqnshift@=\dimen160
\alignsep@=\dimen161
\tagshift@=\dimen162
\tagwidth@=\dimen163
\totwidth@=\dimen164
\lineht@=\dimen165
\@envbody=\toks22
\multlinegap=\skip52
\multlinetaggap=\skip53
\mathdisplay@stack=\toks23
LaTeX Info: Redefining \[ on input line 2949.
LaTeX Info: Redefining \] on input line 2950.
) (c:/Users/Lenovo/AppData/Roaming/TinyTeX/texmf-dist/tex/latex/amsfonts/amssymb.sty
Package: amssymb 2013/01/14 v3.01 AMS font symbols
(c:/Users/Lenovo/AppData/Roaming/TinyTeX/texmf-dist/tex/latex/amsfonts/amsfonts.sty
Package: amsfonts 2013/01/14 v3.01 Basic AMSFonts support
\symAMSa=\mathgroup4
\symAMSb=\mathgroup5
LaTeX Font Info:    Redeclaring math symbol \hbar on input line 98.
LaTeX Font Info:    Overwriting math alphabet `\mathfrak' in version `bold'
(Font)                  U/euf/m/n --> U/euf/b/n on input line 106.
)) (c:/Users/Lenovo/AppData/Roaming/TinyTeX/texmf-dist/tex/latex/unicode-math/unicode-math.sty (c:/Users/Lenovo/AppData/Roaming/TinyTeX/texmf-dist/tex/latex/l3kernel/expl3.sty
Package: expl3 2025-05-26 L3 programming layer (loader) 
(c:/Users/Lenovo/AppData/Roaming/TinyTeX/texmf-dist/tex/latex/l3backend/l3backend-xetex.def
File: l3backend-xetex.def 2025-04-14 L3 backend support: XeTeX
\g__graphics_track_int=\count295
\g__pdfannot_backend_int=\count296
\g__pdfannot_backend_link_int=\count297
))
Package: unicode-math 2023/08/13 v0.8r Unicode maths in XeLaTeX and LuaLaTeX
(c:/Users/Lenovo/AppData/Roaming/TinyTeX/texmf-dist/tex/latex/unicode-math/unicode-math-xetex.sty
Package: unicode-math-xetex 2023/08/13 v0.8r Unicode maths in XeLaTeX and LuaLaTeX
(c:/Users/Lenovo/AppData/Roaming/TinyTeX/texmf-dist/tex/latex/l3packages/xparse/xparse.sty
Package: xparse 2024-08-16 L3 Experimental document command parser
) (c:/Users/Lenovo/AppData/Roaming/TinyTeX/texmf-dist/tex/latex/l3packages/l3keys2e/l3keys2e.sty
Package: l3keys2e 2024-08-16 LaTeX2e option processing using LaTeX3 keys
) (c:/Users/Lenovo/AppData/Roaming/TinyTeX/texmf-dist/tex/latex/fontspec/fontspec.sty
Package: fontspec 2024/05/11 v2.9e Font selection for XeLaTeX and LuaLaTeX
(c:/Users/Lenovo/AppData/Roaming/TinyTeX/texmf-dist/tex/latex/fontspec/fontspec-xetex.sty
Package: fontspec-xetex 2024/05/11 v2.9e Font selection for XeLaTeX and LuaLaTeX
\l__fontspec_script_int=\count298
\l__fontspec_language_int=\count299
\l__fontspec_strnum_int=\count300
\l__fontspec_tmp_int=\count301
\l__fontspec_tmpa_int=\count302
\l__fontspec_tmpb_int=\count303
\l__fontspec_tmpc_int=\count304
\l__fontspec_em_int=\count305
\l__fontspec_emdef_int=\count306
\l__fontspec_strong_int=\count307
\l__fontspec_strongdef_int=\count308
\l__fontspec_tmpa_dim=\dimen166
\l__fontspec_tmpb_dim=\dimen167
\l__fontspec_tmpc_dim=\dimen168
(c:/Users/Lenovo/AppData/Roaming/TinyTeX/texmf-dist/tex/latex/base/fontenc.sty
Package: fontenc 2024/12/21 v2.1c Standard LaTeX package
) (c:/Users/Lenovo/AppData/Roaming/TinyTeX/texmf-dist/tex/latex/fontspec/fontspec.cfg))) (c:/Users/Lenovo/AppData/Roaming/TinyTeX/texmf-dist/tex/latex/base/fix-cm.sty
Package: fix-cm 2020/11/24 v1.1t fixes to LaTeX
(c:/Users/Lenovo/AppData/Roaming/TinyTeX/texmf-dist/tex/latex/base/ts1enc.def
File: ts1enc.def 2001/06/05 v3.0e (jk/car/fm) Standard LaTeX file
LaTeX Font Info:    Redeclaring font encoding TS1 on input line 47.
LaTeX Encoding Info:    Redeclaring text command \capitalcedilla (encoding TS1) on input line 49.
LaTeX Encoding Info:    Redeclaring text command \capitalogonek (encoding TS1) on input line 52.
LaTeX Encoding Info:    Redeclaring text command \capitalgrave (encoding TS1) on input line 55.
LaTeX Encoding Info:    Redeclaring text command \capitalacute (encoding TS1) on input line 56.
LaTeX Encoding Info:    Redeclaring text command \capitalcircumflex (encoding TS1) on input line 57.
LaTeX Encoding Info:    Redeclaring text command \capitaltilde (encoding TS1) on input line 58.
LaTeX Encoding Info:    Redeclaring text command \capitaldieresis (encoding TS1) on input line 59.
LaTeX Encoding Info:    Redeclaring text command \capitalhungarumlaut (encoding TS1) on input line 60.
LaTeX Encoding Info:    Redeclaring text command \capitalring (encoding TS1) on input line 61.
LaTeX Encoding Info:    Redeclaring text command \capitalcaron (encoding TS1) on input line 62.
LaTeX Encoding Info:    Redeclaring text command \capitalbreve (encoding TS1) on input line 63.
LaTeX Encoding Info:    Redeclaring text command \capitalmacron (encoding TS1) on input line 64.
LaTeX Encoding Info:    Redeclaring text command \capitaldotaccent (encoding TS1) on input line 65.
LaTeX Encoding Info:    Redeclaring text command \t (encoding TS1) on input line 66.
LaTeX Encoding Info:    Redeclaring text command \capitaltie (encoding TS1) on input line 67.
LaTeX Encoding Info:    Redeclaring text command \newtie (encoding TS1) on input line 68.
LaTeX Encoding Info:    Redeclaring text command \capitalnewtie (encoding TS1) on input line 69.
LaTeX Encoding Info:    Redeclaring text symbol \textcapitalcompwordmark (encoding TS1) on input line 70.
LaTeX Encoding Info:    Redeclaring text symbol \textascendercompwordmark (encoding TS1) on input line 71.
LaTeX Encoding Info:    Redeclaring text symbol \textquotestraightbase (encoding TS1) on input line 72.
LaTeX Encoding Info:    Redeclaring text symbol \textquotestraightdblbase (encoding TS1) on input line 73.
LaTeX Encoding Info:    Redeclaring text symbol \texttwelveudash (encoding TS1) on input line 74.
LaTeX Encoding Info:    Redeclaring text symbol \textthreequartersemdash (encoding TS1) on input line 75.
LaTeX Encoding Info:    Redeclaring text symbol \textleftarrow (encoding TS1) on input line 76.
LaTeX Encoding Info:    Redeclaring text symbol \textrightarrow (encoding TS1) on input line 77.
LaTeX Encoding Info:    Redeclaring text symbol \textblank (encoding TS1) on input line 78.
LaTeX Encoding Info:    Redeclaring text symbol \textdollar (encoding TS1) on input line 79.
LaTeX Encoding Info:    Redeclaring text symbol \textquotesingle (encoding TS1) on input line 80.
LaTeX Encoding Info:    Redeclaring text command \textasteriskcentered (encoding TS1) on input line 81.
LaTeX Encoding Info:    Redeclaring text symbol \textdblhyphen (encoding TS1) on input line 92.
LaTeX Encoding Info:    Redeclaring text symbol \textfractionsolidus (encoding TS1) on input line 93.
LaTeX Encoding Info:    Redeclaring text symbol \textzerooldstyle (encoding TS1) on input line 94.
LaTeX Encoding Info:    Redeclaring text symbol \textoneoldstyle (encoding TS1) on input line 95.
LaTeX Encoding Info:    Redeclaring text symbol \texttwooldstyle (encoding TS1) on input line 96.
LaTeX Encoding Info:    Redeclaring text symbol \textthreeoldstyle (encoding TS1) on input line 97.
LaTeX Encoding Info:    Redeclaring text symbol \textfouroldstyle (encoding TS1) on input line 98.
LaTeX Encoding Info:    Redeclaring text symbol \textfiveoldstyle (encoding TS1) on input line 99.
LaTeX Encoding Info:    Redeclaring text symbol \textsixoldstyle (encoding TS1) on input line 100.
LaTeX Encoding Info:    Redeclaring text symbol \textsevenoldstyle (encoding TS1) on input line 101.
LaTeX Encoding Info:    Redeclaring text symbol \texteightoldstyle (encoding TS1) on input line 102.
LaTeX Encoding Info:    Redeclaring text symbol \textnineoldstyle (encoding TS1) on input line 103.
LaTeX Encoding Info:    Redeclaring text symbol \textlangle (encoding TS1) on input line 104.
LaTeX Encoding Info:    Redeclaring text symbol \textminus (encoding TS1) on input line 105.
LaTeX Encoding Info:    Redeclaring text symbol \textrangle (encoding TS1) on input line 106.
LaTeX Encoding Info:    Redeclaring text symbol \textmho (encoding TS1) on input line 107.
LaTeX Encoding Info:    Redeclaring text symbol \textbigcircle (encoding TS1) on input line 108.
LaTeX Encoding Info:    Redeclaring text command \textcircled (encoding TS1) on input line 109.
LaTeX Encoding Info:    Redeclaring text symbol \textohm (encoding TS1) on input line 115.
LaTeX Encoding Info:    Redeclaring text symbol \textlbrackdbl (encoding TS1) on input line 116.
LaTeX Encoding Info:    Redeclaring text symbol \textrbrackdbl (encoding TS1) on input line 117.
LaTeX Encoding Info:    Redeclaring text symbol \textuparrow (encoding TS1) on input line 118.
LaTeX Encoding Info:    Redeclaring text symbol \textdownarrow (encoding TS1) on input line 119.
LaTeX Encoding Info:    Redeclaring text symbol \textasciigrave (encoding TS1) on input line 120.
LaTeX Encoding Info:    Redeclaring text symbol \textborn (encoding TS1) on input line 121.
LaTeX Encoding Info:    Redeclaring text symbol \textdivorced (encoding TS1) on input line 122.
LaTeX Encoding Info:    Redeclaring text symbol \textdied (encoding TS1) on input line 123.
LaTeX Encoding Info:    Redeclaring text symbol \textleaf (encoding TS1) on input line 124.
LaTeX Encoding Info:    Redeclaring text symbol \textmarried (encoding TS1) on input line 125.
LaTeX Encoding Info:    Redeclaring text symbol \textmusicalnote (encoding TS1) on input line 126.
LaTeX Encoding Info:    Redeclaring text symbol \texttildelow (encoding TS1) on input line 127.
LaTeX Encoding Info:    Redeclaring text symbol \textdblhyphenchar (encoding TS1) on input line 128.
LaTeX Encoding Info:    Redeclaring text symbol \textasciibreve (encoding TS1) on input line 129.
LaTeX Encoding Info:    Redeclaring text symbol \textasciicaron (encoding TS1) on input line 130.
LaTeX Encoding Info:    Redeclaring text symbol \textacutedbl (encoding TS1) on input line 131.
LaTeX Encoding Info:    Redeclaring text symbol \textgravedbl (encoding TS1) on input line 132.
LaTeX Encoding Info:    Redeclaring text symbol \textdagger (encoding TS1) on input line 133.
LaTeX Encoding Info:    Redeclaring text symbol \textdaggerdbl (encoding TS1) on input line 134.
LaTeX Encoding Info:    Redeclaring text symbol \textbardbl (encoding TS1) on input line 135.
LaTeX Encoding Info:    Redeclaring text symbol \textperthousand (encoding TS1) on input line 136.
LaTeX Encoding Info:    Redeclaring text symbol \textbullet (encoding TS1) on input line 137.
LaTeX Encoding Info:    Redeclaring text symbol \textcelsius (encoding TS1) on input line 138.
LaTeX Encoding Info:    Redeclaring text symbol \textdollaroldstyle (encoding TS1) on input line 139.
LaTeX Encoding Info:    Redeclaring text symbol \textcentoldstyle (encoding TS1) on input line 140.
LaTeX Encoding Info:    Redeclaring text symbol \textflorin (encoding TS1) on input line 141.
LaTeX Encoding Info:    Redeclaring text symbol \textcolonmonetary (encoding TS1) on input line 142.
LaTeX Encoding Info:    Redeclaring text symbol \textwon (encoding TS1) on input line 143.
LaTeX Encoding Info:    Redeclaring text symbol \textnaira (encoding TS1) on input line 144.
LaTeX Encoding Info:    Redeclaring text symbol \textguarani (encoding TS1) on input line 145.
LaTeX Encoding Info:    Redeclaring text symbol \textpeso (encoding TS1) on input line 146.
LaTeX Encoding Info:    Redeclaring text symbol \textlira (encoding TS1) on input line 147.
LaTeX Encoding Info:    Redeclaring text symbol \textrecipe (encoding TS1) on input line 148.
LaTeX Encoding Info:    Redeclaring text symbol \textinterrobang (encoding TS1) on input line 149.
LaTeX Encoding Info:    Redeclaring text symbol \textinterrobangdown (encoding TS1) on input line 150.
LaTeX Encoding Info:    Redeclaring text symbol \textdong (encoding TS1) on input line 151.
LaTeX Encoding Info:    Redeclaring text symbol \texttrademark (encoding TS1) on input line 152.
LaTeX Encoding Info:    Redeclaring text symbol \textpertenthousand (encoding TS1) on input line 153.
LaTeX Encoding Info:    Redeclaring text symbol \textpilcrow (encoding TS1) on input line 154.
LaTeX Encoding Info:    Redeclaring text symbol \textbaht (encoding TS1) on input line 155.
LaTeX Encoding Info:    Redeclaring text symbol \textnumero (encoding TS1) on input line 156.
LaTeX Encoding Info:    Redeclaring text symbol \textdiscount (encoding TS1) on input line 157.
LaTeX Encoding Info:    Redeclaring text symbol \textestimated (encoding TS1) on input line 158.
LaTeX Encoding Info:    Redeclaring text symbol \textopenbullet (encoding TS1) on input line 159.
LaTeX Encoding Info:    Redeclaring text symbol \textservicemark (encoding TS1) on input line 160.
LaTeX Encoding Info:    Redeclaring text symbol \textlquill (encoding TS1) on input line 161.
LaTeX Encoding Info:    Redeclaring text symbol \textrquill (encoding TS1) on input line 162.
LaTeX Encoding Info:    Redeclaring text symbol \textcent (encoding TS1) on input line 163.
LaTeX Encoding Info:    Redeclaring text symbol \textsterling (encoding TS1) on input line 164.
LaTeX Encoding Info:    Redeclaring text symbol \textcurrency (encoding TS1) on input line 165.
LaTeX Encoding Info:    Redeclaring text symbol \textyen (encoding TS1) on input line 166.
LaTeX Encoding Info:    Redeclaring text symbol \textbrokenbar (encoding TS1) on input line 167.
LaTeX Encoding Info:    Redeclaring text symbol \textsection (encoding TS1) on input line 168.
LaTeX Encoding Info:    Redeclaring text symbol \textasciidieresis (encoding TS1) on input line 169.
LaTeX Encoding Info:    Redeclaring text symbol \textcopyright (encoding TS1) on input line 170.
LaTeX Encoding Info:    Redeclaring text symbol \textordfeminine (encoding TS1) on input line 171.
LaTeX Encoding Info:    Redeclaring text symbol \textcopyleft (encoding TS1) on input line 172.
LaTeX Encoding Info:    Redeclaring text symbol \textlnot (encoding TS1) on input line 173.
LaTeX Encoding Info:    Redeclaring text symbol \textcircledP (encoding TS1) on input line 174.
LaTeX Encoding Info:    Redeclaring text symbol \textregistered (encoding TS1) on input line 175.
LaTeX Encoding Info:    Redeclaring text symbol \textasciimacron (encoding TS1) on input line 176.
LaTeX Encoding Info:    Redeclaring text symbol \textdegree (encoding TS1) on input line 177.
LaTeX Encoding Info:    Redeclaring text symbol \textpm (encoding TS1) on input line 178.
LaTeX Encoding Info:    Redeclaring text symbol \texttwosuperior (encoding TS1) on input line 179.
LaTeX Encoding Info:    Redeclaring text symbol \textthreesuperior (encoding TS1) on input line 180.
LaTeX Encoding Info:    Redeclaring text symbol \textasciiacute (encoding TS1) on input line 181.
LaTeX Encoding Info:    Redeclaring text symbol \textmu (encoding TS1) on input line 182.
LaTeX Encoding Info:    Redeclaring text symbol \textparagraph (encoding TS1) on input line 183.
LaTeX Encoding Info:    Redeclaring text symbol \textperiodcentered (encoding TS1) on input line 184.
LaTeX Encoding Info:    Redeclaring text symbol \textreferencemark (encoding TS1) on input line 185.
LaTeX Encoding Info:    Redeclaring text symbol \textonesuperior (encoding TS1) on input line 186.
LaTeX Encoding Info:    Redeclaring text symbol \textordmasculine (encoding TS1) on input line 187.
LaTeX Encoding Info:    Redeclaring text symbol \textsurd (encoding TS1) on input line 188.
LaTeX Encoding Info:    Redeclaring text symbol \textonequarter (encoding TS1) on input line 189.
LaTeX Encoding Info:    Redeclaring text symbol \textonehalf (encoding TS1) on input line 190.
LaTeX Encoding Info:    Redeclaring text symbol \textthreequarters (encoding TS1) on input line 191.
LaTeX Encoding Info:    Redeclaring text symbol \texteuro (encoding TS1) on input line 192.
LaTeX Encoding Info:    Redeclaring text symbol \texttimes (encoding TS1) on input line 193.
LaTeX Encoding Info:    Redeclaring text symbol \textdiv (encoding TS1) on input line 194.
))
\g__um_fam_int=\count309
\g__um_fonts_used_int=\count310
\l__um_primecount_int=\count311
\g__um_primekern_muskip=\muskip18
(c:/Users/Lenovo/AppData/Roaming/TinyTeX/texmf-dist/tex/latex/unicode-math/unicode-math-table.tex))) (c:/Users/Lenovo/AppData/Roaming/TinyTeX/texmf-dist/tex/latex/lm/lmodern.sty
Package: lmodern 2015/05/01 v1.6.1 Latin Modern Fonts
LaTeX Font Info:    Overwriting symbol font `operators' in version `normal'
(Font)                  OT1/cmr/m/n --> OT1/lmr/m/n on input line 22.
LaTeX Font Info:    Overwriting symbol font `letters' in version `normal'
(Font)                  OML/cmm/m/it --> OML/lmm/m/it on input line 23.
LaTeX Font Info:    Overwriting symbol font `symbols' in version `normal'
(Font)                  OMS/cmsy/m/n --> OMS/lmsy/m/n on input line 24.
LaTeX Font Info:    Overwriting symbol font `largesymbols' in version `normal'
(Font)                  OMX/cmex/m/n --> OMX/lmex/m/n on input line 25.
LaTeX Font Info:    Overwriting symbol font `operators' in version `bold'
(Font)                  OT1/cmr/bx/n --> OT1/lmr/bx/n on input line 26.
LaTeX Font Info:    Overwriting symbol font `letters' in version `bold'
(Font)                  OML/cmm/b/it --> OML/lmm/b/it on input line 27.
LaTeX Font Info:    Overwriting symbol font `symbols' in version `bold'
(Font)                  OMS/cmsy/b/n --> OMS/lmsy/b/n on input line 28.
LaTeX Font Info:    Overwriting symbol font `largesymbols' in version `bold'
(Font)                  OMX/cmex/m/n --> OMX/lmex/m/n on input line 29.
LaTeX Font Info:    Overwriting math alphabet `\mathbf' in version `normal'
(Font)                  OT1/cmr/bx/n --> OT1/lmr/bx/n on input line 31.
LaTeX Font Info:    Overwriting math alphabet `\mathsf' in version `normal'
(Font)                  OT1/cmss/m/n --> OT1/lmss/m/n on input line 32.
LaTeX Font Info:    Overwriting math alphabet `\mathit' in version `normal'
(Font)                  OT1/cmr/m/it --> OT1/lmr/m/it on input line 33.
LaTeX Font Info:    Overwriting math alphabet `\mathtt' in version `normal'
(Font)                  OT1/cmtt/m/n --> OT1/lmtt/m/n on input line 34.
LaTeX Font Info:    Overwriting math alphabet `\mathbf' in version `bold'
(Font)                  OT1/cmr/bx/n --> OT1/lmr/bx/n on input line 35.
LaTeX Font Info:    Overwriting math alphabet `\mathsf' in version `bold'
(Font)                  OT1/cmss/bx/n --> OT1/lmss/bx/n on input line 36.
LaTeX Font Info:    Overwriting math alphabet `\mathit' in version `bold'
(Font)                  OT1/cmr/bx/it --> OT1/lmr/bx/it on input line 37.
LaTeX Font Info:    Overwriting math alphabet `\mathtt' in version `bold'
(Font)                  OT1/cmtt/m/n --> OT1/lmtt/m/n on input line 38.
) (c:/Users/Lenovo/AppData/Roaming/TinyTeX/texmf-dist/tex/latex/upquote/upquote.sty
Package: upquote 2012/04/19 v1.3 upright-quote and grave-accent glyphs in verbatim
(c:/Users/Lenovo/AppData/Roaming/TinyTeX/texmf-dist/tex/latex/base/textcomp.sty
Package: textcomp 2024/04/24 v2.1b Standard LaTeX package
)) (c:/Users/Lenovo/AppData/Roaming/TinyTeX/texmf-dist/tex/latex/microtype/microtype.sty
Package: microtype 2025/02/11 v3.2a Micro-typographical refinements (RS)
(c:/Users/Lenovo/AppData/Roaming/TinyTeX/texmf-dist/tex/latex/etoolbox/etoolbox.sty
Package: etoolbox 2025/02/11 v2.5l e-TeX tools for LaTeX (JAW)
\etb@tempcnta=\count312
)
\MT@toks=\toks24
\MT@tempbox=\box55
\MT@count=\count313
LaTeX Info: Redefining \noprotrusionifhmode on input line 1087.
LaTeX Info: Redefining \leftprotrusion on input line 1088.
\MT@prot@toks=\toks25
LaTeX Info: Redefining \rightprotrusion on input line 1107.
LaTeX Info: Redefining \textls on input line 1449.
\MT@outer@kern=\dimen169
LaTeX Info: Redefining \microtypecontext on input line 2053.
LaTeX Info: Redefining \textmicrotypecontext on input line 2070.
\MT@listname@count=\count314
(c:/Users/Lenovo/AppData/Roaming/TinyTeX/texmf-dist/tex/latex/microtype/microtype-xetex.def
File: microtype-xetex.def 2025/02/11 v3.2a Definitions specific to xetex (RS)
LaTeX Info: Redefining \lsstyle on input line 443.
LaTeX Info: Redefining \lslig on input line 451.
\MT@outer@space=\skip54
)
Package microtype Info: Loading configuration file microtype.cfg.
(c:/Users/Lenovo/AppData/Roaming/TinyTeX/texmf-dist/tex/latex/microtype/microtype.cfg
File: microtype.cfg 2025/02/11 v3.2a microtype main configuration file (RS)
)
LaTeX Info: Redefining \microtypesetup on input line 3065.
) (c:/Users/Lenovo/AppData/Roaming/TinyTeX/texmf-dist/tex/latex/setspace/setspace.sty
Package: setspace 2022/12/04 v6.7b set line spacing
) (c:/Users/Lenovo/AppData/Roaming/TinyTeX/texmf-dist/tex/latex/parskip/parskip.sty
Package: parskip 2021-03-14 v2.0h non-zero parskip adjustments
(c:/Users/Lenovo/AppData/Roaming/TinyTeX/texmf-dist/tex/latex/kvoptions/kvoptions.sty
Package: kvoptions 2022-06-15 v3.15 Key value format for package options (HO)
(c:/Users/Lenovo/AppData/Roaming/TinyTeX/texmf-dist/tex/generic/ltxcmds/ltxcmds.sty
Package: ltxcmds 2023-12-04 v1.26 LaTeX kernel commands for general use (HO)
) (c:/Users/Lenovo/AppData/Roaming/TinyTeX/texmf-dist/tex/latex/kvsetkeys/kvsetkeys.sty
Package: kvsetkeys 2022-10-05 v1.19 Key value parser (HO)
))) (c:/Users/Lenovo/AppData/Roaming/TinyTeX/texmf-dist/tex/latex/tools/longtable.sty
Package: longtable 2024-12-18 v4.23 Multi-page Table package (DPC)
\LTleft=\skip55
\LTright=\skip56
\LTpre=\skip57
\LTpost=\skip58
\LTchunksize=\count315
\LTcapwidth=\dimen170
\LT@head=\box56
\LT@firsthead=\box57
\LT@foot=\box58
\LT@lastfoot=\box59
\LT@gbox=\box60
\LT@cols=\count316
\LT@rows=\count317
\c@LT@tables=\count318
\c@LT@chunks=\count319
\LT@p@ftn=\toks26
) (c:/Users/Lenovo/AppData/Roaming/TinyTeX/texmf-dist/tex/latex/booktabs/booktabs.sty
Package: booktabs 2020/01/12 v1.61803398 Publication quality tables
\heavyrulewidth=\dimen171
\lightrulewidth=\dimen172
\cmidrulewidth=\dimen173
\belowrulesep=\dimen174
\belowbottomsep=\dimen175
\aboverulesep=\dimen176
\abovetopsep=\dimen177
\cmidrulesep=\dimen178
\cmidrulekern=\dimen179
\defaultaddspace=\dimen180
\@cmidla=\count320
\@cmidlb=\count321
\@aboverulesep=\dimen181
\@belowrulesep=\dimen182
\@thisruleclass=\count322
\@lastruleclass=\count323
\@thisrulewidth=\dimen183
) (c:/Users/Lenovo/AppData/Roaming/TinyTeX/texmf-dist/tex/latex/tools/array.sty
Package: array 2025/06/08 v2.6j Tabular extension package (FMi)
\col@sep=\dimen184
\ar@mcellbox=\box61
\extrarowheight=\dimen185
\NC@list=\toks27
\extratabsurround=\skip59
\backup@length=\skip60
\ar@cellbox=\box62
) (c:/Users/Lenovo/AppData/Roaming/TinyTeX/texmf-dist/tex/latex/tools/calc.sty
Package: calc 2025/03/01 v4.3b Infix arithmetic (KKT,FJ)
\calc@Acount=\count324
\calc@Bcount=\count325
\calc@Adimen=\dimen186
\calc@Bdimen=\dimen187
\calc@Askip=\skip61
\calc@Bskip=\skip62
LaTeX Info: Redefining \setlength on input line 86.
LaTeX Info: Redefining \addtolength on input line 87.
\calc@Ccount=\count326
\calc@Cskip=\skip63
) (c:/Users/Lenovo/AppData/Roaming/TinyTeX/texmf-dist/tex/latex/mdwtools/footnote.sty
Package: footnote 1997/01/28 1.13 Save footnotes around boxes
\fn@notes=\box63
\fn@width=\dimen188
) (c:/Users/Lenovo/AppData/Roaming/TinyTeX/texmf-dist/tex/latex/graphics/graphicx.sty
Package: graphicx 2024/12/31 v1.2e Enhanced LaTeX Graphics (DPC,SPQR)
(c:/Users/Lenovo/AppData/Roaming/TinyTeX/texmf-dist/tex/latex/graphics/graphics.sty
Package: graphics 2024/08/06 v1.4g Standard LaTeX Graphics (DPC,SPQR)
(c:/Users/Lenovo/AppData/Roaming/TinyTeX/texmf-dist/tex/latex/graphics/trig.sty
Package: trig 2023/12/02 v1.11 sin cos tan (DPC)
) (c:/Users/Lenovo/AppData/Roaming/TinyTeX/texmf-dist/tex/latex/graphics-cfg/graphics.cfg
File: graphics.cfg 2016/06/04 v1.11 sample graphics configuration
)
Package graphics Info: Driver file: xetex.def on input line 106.
)
\Gin@req@height=\dimen189
\Gin@req@width=\dimen190
)
\pandoc@box=\box64
(c:/Users/Lenovo/AppData/Roaming/TinyTeX/texmf-dist/tex/latex/biblatex/biblatex.sty
Package: biblatex 2024/03/21 v3.20 programmable bibliographies (PK/MW)
(c:/Users/Lenovo/AppData/Roaming/TinyTeX/texmf-dist/tex/generic/pdftexcmds/pdftexcmds.sty
Package: pdftexcmds 2020-06-27 v0.33 Utility functions of pdfTeX for LuaTeX (HO)
(c:/Users/Lenovo/AppData/Roaming/TinyTeX/texmf-dist/tex/generic/infwarerr/infwarerr.sty
Package: infwarerr 2019/12/03 v1.5 Providing info/warning/error messages (HO)
)
Package pdftexcmds Info: \pdf@primitive is available.
Package pdftexcmds Info: \pdf@ifprimitive is available.
Package pdftexcmds Info: \pdfdraftmode not found.
) (c:/Users/Lenovo/AppData/Roaming/TinyTeX/texmf-dist/tex/latex/logreq/logreq.sty
Package: logreq 2010/08/04 v1.0 xml request logger
\lrq@indent=\count327
(c:/Users/Lenovo/AppData/Roaming/TinyTeX/texmf-dist/tex/latex/logreq/logreq.def
File: logreq.def 2010/08/04 v1.0 logreq spec v1.0
)) (c:/Users/Lenovo/AppData/Roaming/TinyTeX/texmf-dist/tex/latex/base/ifthen.sty
Package: ifthen 2024/03/16 v1.1e Standard LaTeX ifthen package (DPC)
) (c:/Users/Lenovo/AppData/Roaming/TinyTeX/texmf-dist/tex/latex/url/url.sty
\Urlmuskip=\muskip19
Package: url 2013/09/16  ver 3.4  Verb mode for urls, etc.
)
\c@tabx@nest=\count328
\c@listtotal=\count329
\c@listcount=\count330
\c@liststart=\count331
\c@liststop=\count332
\c@citecount=\count333
\c@citetotal=\count334
\c@multicitecount=\count335
\c@multicitetotal=\count336
\c@instcount=\count337
\c@maxnames=\count338
\c@minnames=\count339
\c@maxitems=\count340
\c@minitems=\count341
\c@citecounter=\count342
\c@maxcitecounter=\count343
\c@savedcitecounter=\count344
\c@uniquelist=\count345
\c@uniquename=\count346
\c@refsection=\count347
\c@refsegment=\count348
\c@maxextratitle=\count349
\c@maxextratitleyear=\count350
\c@maxextraname=\count351
\c@maxextradate=\count352
\c@maxextraalpha=\count353
\c@abbrvpenalty=\count354
\c@highnamepenalty=\count355
\c@lownamepenalty=\count356
\c@maxparens=\count357
\c@parenlevel=\count358
\blx@tempcnta=\count359
\blx@tempcntb=\count360
\blx@tempcntc=\count361
\c@blx@maxsection=\count362
\blx@maxsegment@0=\count363
\blx@notetype=\count364
\blx@parenlevel@text=\count365
\blx@parenlevel@foot=\count366
\blx@sectionciteorder@0=\count367
\blx@sectionciteorderinternal@0=\count368
\blx@entrysetcounter=\count369
\blx@biblioinstance=\count370
\labelnumberwidth=\skip64
\labelalphawidth=\skip65
\biblabelsep=\skip66
\bibitemsep=\skip67
\bibnamesep=\skip68
\bibinitsep=\skip69
\bibparsep=\skip70
\bibhang=\skip71
\blx@bcfin=\read2
\blx@bcfout=\write3
\blx@langwohyphens=\language6
\c@mincomprange=\count371
\c@maxcomprange=\count372
\c@mincompwidth=\count373
Package biblatex Info: Trying to load biblatex default data model...
Package biblatex Info: ... file 'blx-dm.def' found.
(c:/Users/Lenovo/AppData/Roaming/TinyTeX/texmf-dist/tex/latex/biblatex/blx-dm.def
File: blx-dm.def 2024/03/21 v3.20 biblatex datamodel (PK/MW)
)
Package biblatex Info: Trying to load biblatex style data model...
Package biblatex Info: ... file 'apa.dbx' found.
(c:/Users/Lenovo/AppData/Roaming/TinyTeX/texmf-dist/tex/latex/biblatex-apa/apa.dbx
File: apa.dbx 2023/03/20 v9.17 APA biblatex style data model
)
Package biblatex Info: Trying to load biblatex custom data model...
Package biblatex Info: ... file 'biblatex-dm.cfg' not found.
\c@afterword=\count374
\c@savedafterword=\count375
\c@annotator=\count376
\c@savedannotator=\count377
\c@author=\count378
\c@savedauthor=\count379
\c@bookauthor=\count380
\c@savedbookauthor=\count381
\c@commentator=\count382
\c@savedcommentator=\count383
\c@editor=\count384
\c@savededitor=\count385
\c@editora=\count386
\c@savededitora=\count387
\c@editorb=\count388
\c@savededitorb=\count389
\c@editorc=\count390
\c@savededitorc=\count391
\c@foreword=\count392
\c@savedforeword=\count393
\c@holder=\count394
\c@savedholder=\count395
\c@introduction=\count396
\c@savedintroduction=\count397
\c@namea=\count398
\c@savednamea=\count399
\c@nameb=\count400
\c@savednameb=\count401
\c@namec=\count402
\c@savednamec=\count403
\c@translator=\count404
\c@savedtranslator=\count405
\c@shortauthor=\count406
\c@savedshortauthor=\count407
\c@shorteditor=\count408
\c@savedshorteditor=\count409
\c@narrator=\count410
\c@savednarrator=\count411
\c@execproducer=\count412
\c@savedexecproducer=\count413
\c@execdirector=\count414
\c@savedexecdirector=\count415
\c@with=\count416
\c@savedwith=\count417
\c@labelname=\count418
\c@savedlabelname=\count419
\c@institution=\count420
\c@savedinstitution=\count421
\c@lista=\count422
\c@savedlista=\count423
\c@listb=\count424
\c@savedlistb=\count425
\c@listc=\count426
\c@savedlistc=\count427
\c@listd=\count428
\c@savedlistd=\count429
\c@liste=\count430
\c@savedliste=\count431
\c@listf=\count432
\c@savedlistf=\count433
\c@location=\count434
\c@savedlocation=\count435
\c@organization=\count436
\c@savedorganization=\count437
\c@origlocation=\count438
\c@savedoriglocation=\count439
\c@origpublisher=\count440
\c@savedorigpublisher=\count441
\c@publisher=\count442
\c@savedpublisher=\count443
\c@language=\count444
\c@savedlanguage=\count445
\c@origlanguage=\count446
\c@savedoriglanguage=\count447
\c@citation=\count448
\c@savedcitation=\count449
\c@pageref=\count450
\c@savedpageref=\count451
\shorthandwidth=\skip72
\shortjournalwidth=\skip73
\shortserieswidth=\skip74
\shorttitlewidth=\skip75
\shortauthorwidth=\skip76
\shorteditorwidth=\skip77
\locallabelnumberwidth=\skip78
\locallabelalphawidth=\skip79
\localshorthandwidth=\skip80
\localshortjournalwidth=\skip81
\localshortserieswidth=\skip82
\localshorttitlewidth=\skip83
\localshortauthorwidth=\skip84
\localshorteditorwidth=\skip85
Package biblatex Info: Trying to load enhanced support for Unicode engines...
Package biblatex Info: ... file 'blx-unicode.def' found.
(c:/Users/Lenovo/AppData/Roaming/TinyTeX/texmf-dist/tex/latex/biblatex/blx-unicode.def)
Package biblatex Info: Trying to load compatibility code...
Package biblatex Info: ... file 'blx-compat.def' found.
(c:/Users/Lenovo/AppData/Roaming/TinyTeX/texmf-dist/tex/latex/biblatex/blx-compat.def
File: blx-compat.def 2024/03/21 v3.20 biblatex compatibility (PK/MW)
)
Package biblatex Info: Trying to load generic definitions...
Package biblatex Info: ... file 'biblatex.def' found.
(c:/Users/Lenovo/AppData/Roaming/TinyTeX/texmf-dist/tex/latex/biblatex/biblatex.def
File: biblatex.def 2024/03/21 v3.20 biblatex compatibility (PK/MW)
\c@textcitecount=\count452
\c@textcitetotal=\count453
\c@textcitemaxnames=\count454
\c@biburlbigbreakpenalty=\count455
\c@biburlbreakpenalty=\count456
\c@biburlnumpenalty=\count457
\c@biburlucpenalty=\count458
\c@biburllcpenalty=\count459
\biburlbigskip=\muskip20
\biburlnumskip=\muskip21
\biburlucskip=\muskip22
\biburllcskip=\muskip23
\c@smartand=\count460
)
Package biblatex Info: Trying to load bibliography style 'apa'...
Package biblatex Info: ... file 'apa.bbx' found.
(c:/Users/Lenovo/AppData/Roaming/TinyTeX/texmf-dist/tex/latex/biblatex-apa/apa.bbx
File: apa.bbx 2023/03/20 v9.17 APA biblatex references style
Package biblatex Info: Trying to load bibliography style 'standard'...
Package biblatex Info: ... file 'standard.bbx' found.
(c:/Users/Lenovo/AppData/Roaming/TinyTeX/texmf-dist/tex/latex/biblatex/bbx/standard.bbx
File: standard.bbx 2024/03/21 v3.20 biblatex bibliography style (PK/MW)
\c@bbx:relatedcount=\count461
\c@bbx:relatedtotal=\count462
)
Package biblatex Info: Delimiter 'nameyeardelim' in context 'bib' already defined, overwriting.
Package biblatex Info: Delimiter 'nameyeardelim' in context 'biblist' already defined, overwriting.
Package biblatex Info: Delimiter 'nonameyeardelim' in context 'bib' already defined, overwriting.
Package biblatex Info: Delimiter 'nonameyeardelim' in context 'biblist' already defined, overwriting.
)
Package biblatex Info: Trying to load citation style 'apa'...
Package biblatex Info: ... file 'apa.cbx' found.
(c:/Users/Lenovo/AppData/Roaming/TinyTeX/texmf-dist/tex/latex/biblatex-apa/apa.cbx
File: apa.cbx 2023/03/20 v9.17 APA biblatex citation style
Package biblatex Info: Delimiter 'nameyeardelim' in context '' already defined, overwriting.
Package biblatex Info: Delimiter 'andothersdelim' in context '' already defined, overwriting.
Package biblatex Info: Redefining '\fullcite'.
Package biblatex Info: Redefining '\citeauthor'.
Package biblatex Info: Redefining '\citeyear'.
Package biblatex Info: Redefining '\cite'.
Package biblatex Info: Redefining '\cites'.
Package biblatex Info: Redefining '\parencite'.
Package biblatex Info: Redefining '\parencites'.
Package biblatex Info: Redefining '\footcite'.
Package biblatex Info: Redefining '\footcites'.
Package biblatex Info: Redefining '\footcitetext'.
Package biblatex Info: Redefining '\footcitetexts'.
Package biblatex Info: Redefining '\smartcite'.
Package biblatex Info: Redefining '\smartcites'.
Package biblatex Info: Redefining '\textcite'.
Package biblatex Info: Redefining '\textcites'.
)
Package biblatex Info: Trying to load configuration file...
Package biblatex Info: ... file 'biblatex.cfg' found.
(c:/Users/Lenovo/AppData/Roaming/TinyTeX/texmf-dist/tex/latex/biblatex/biblatex.cfg
File: biblatex.cfg 
)
Package biblatex Info: XeTeX detected.
(biblatex)             Assuming input encoding 'utf8'.
Package biblatex Info: Document encoding is UTF8 ....
Package biblatex Info: ... and expl3
(biblatex)             2025-05-26 L3 programming layer (loader) 
(biblatex)             is new enough (at least 2020/04/06),
(biblatex)             setting 'casechanger=expl3'.
(c:/Users/Lenovo/AppData/Roaming/TinyTeX/texmf-dist/tex/latex/biblatex/blx-case-expl3.sty
Package: blx-case-expl3 2024/03/21 v3.20 expl3 case changing code for biblatex
)) (c:/Users/Lenovo/AppData/Roaming/TinyTeX/texmf-dist/tex/latex/hyphenat/hyphenat.sty
Package: hyphenat 2009/09/02 v2.3c hyphenation utilities
\langwohyphens=\language7
LaTeX Info: Redefining \_ on input line 43.
) (c:/Users/Lenovo/AppData/Roaming/TinyTeX/texmf-dist/tex/latex/tocbibind/tocbibind.sty
Package: tocbibind 2010/10/13 v1.5k extra ToC listings
Package tocbibind Info: The document has chapter divisions on input line 50.

Package tocbibind Note: Using chapter style headings, unless overridden.

) (c:/Users/Lenovo/AppData/Roaming/TinyTeX/texmf-dist/tex/latex/pdfpages/pdfpages.sty
Package: pdfpages 2025/03/12 v0.6f Insert pages of external PDF documents (AM)
(c:/Users/Lenovo/AppData/Roaming/TinyTeX/texmf-dist/tex/latex/eso-pic/eso-pic.sty
Package: eso-pic 2023/05/03 v3.0c eso-pic (RN)
\ESO@tempdima=\dimen191
\ESO@tempdimb=\dimen192
)
\AM@pagewidth=\dimen193
\AM@pageheight=\dimen194
\AM@fboxrule=\dimen195
(c:/Users/Lenovo/AppData/Roaming/TinyTeX/texmf-dist/tex/latex/pdfpages/ppxetex.def
File: ppxetex.def 2025/03/12 v0.6f Pdfpages driver for XeTeX (AM)
)
\pdfpages@includegraphics@status=\count463
\AM@pagebox=\box65
\AM@global@opts=\toks28
\AM@pagecnt=\count464
\AM@toc@title=\toks29
\AM@lof@heading=\toks30
\c@AM@survey=\count465
\AM@templatesizebox=\box66
) (c:/Users/Lenovo/AppData/Roaming/TinyTeX/texmf-dist/tex/latex/caption/caption.sty
Package: caption 2023/08/05 v3.6o Customizing captions (AR)
(c:/Users/Lenovo/AppData/Roaming/TinyTeX/texmf-dist/tex/latex/caption/caption3.sty
Package: caption3 2023/07/31 v2.4d caption3 kernel (AR)
\caption@tempdima=\dimen196
\captionmargin=\dimen197
\caption@leftmargin=\dimen198
\caption@rightmargin=\dimen199
\caption@width=\dimen256
\caption@indent=\dimen257
\caption@parindent=\dimen258
\caption@hangindent=\dimen259
Package caption Info: Standard document class detected.
)
\c@caption@flags=\count466
\c@continuedfloat=\count467
Package caption Info: longtable package is loaded.
(c:/Users/Lenovo/AppData/Roaming/TinyTeX/texmf-dist/tex/latex/caption/ltcaption.sty
Package: ltcaption 2021/01/08 v1.4c longtable captions (AR)
)) (c:/Users/Lenovo/AppData/Roaming/TinyTeX/texmf-dist/tex/latex/fancyhdr/fancyhdr.sty
Package: fancyhdr 2025/02/07 v5.2 Extensive control of page headers and footers
\f@nch@headwidth=\skip86
\f@nch@offset@elh=\skip87
\f@nch@offset@erh=\skip88
\f@nch@offset@olh=\skip89
\f@nch@offset@orh=\skip90
\f@nch@offset@elf=\skip91
\f@nch@offset@erf=\skip92
\f@nch@offset@olf=\skip93
\f@nch@offset@orf=\skip94
\f@nch@height=\skip95
\f@nch@footalignment=\skip96
\f@nch@widthL=\skip97
\f@nch@widthC=\skip98
\f@nch@widthR=\skip99
\@temptokenb=\toks31
)

Package fancyhdr Warning: \fancyhead's `E' option without twoside option is useless.
(fancyhdr)                Please consider using the `twoside' option on input line 86.


Package fancyhdr Warning: \fancyfoot's `E' option without twoside option is useless.
(fancyhdr)                Please consider using the `twoside' option on input line 87.

(c:/Users/Lenovo/AppData/Roaming/TinyTeX/texmf-dist/tex/latex/float/float.sty
Package: float 2001/11/08 v1.3d Float enhancements (AL)
\c@float@type=\count468
\float@exts=\toks32
\float@box=\box67
\@float@everytoks=\toks33
\@floatcapt=\box68
) (c:/Users/Lenovo/AppData/Roaming/TinyTeX/texmf-dist/tex/latex/multirow/multirow.sty
Package: multirow 2024/11/12 v2.9 Span multiple rows of a table
\multirow@colwidth=\skip100
\multirow@cntb=\count469
\multirow@dima=\skip101
\bigstrutjot=\dimen260
) (c:/Users/Lenovo/AppData/Roaming/TinyTeX/texmf-dist/tex/latex/wrapfig/wrapfig.sty
\wrapoverhang=\dimen261
\WF@size=\dimen262
\c@WF@wrappedlines=\count470
\WF@box=\box69
\WF@everypar=\toks34
Package: wrapfig 2003/01/31  v 3.6
) (c:/Users/Lenovo/AppData/Roaming/TinyTeX/texmf-dist/tex/latex/colortbl/colortbl.sty
Package: colortbl 2024/10/29 v1.0k Color table columns (DPC)
\everycr=\toks35
\minrowclearance=\skip102
\rownum=\count471
) (c:/Users/Lenovo/AppData/Roaming/TinyTeX/texmf-dist/tex/latex/pdflscape/pdflscape.sty
Package: pdflscape 2025-06-23 v0.14 Display of landscape pages in PDF
(c:/Users/Lenovo/AppData/Roaming/TinyTeX/texmf-dist/tex/latex/pdflscape/pdflscape-nometadata.sty
Package: pdflscape-nometadata 2025-06-23 v0.14 Display of landscape pages in PDF (HO)
(c:/Users/Lenovo/AppData/Roaming/TinyTeX/texmf-dist/tex/latex/graphics/lscape.sty
Package: lscape 2020/05/28 v3.02 Landscape Pages (DPC)
)
Package pdflscape Info: Auto-detected driver: dvipdfm (xetex) on input line 98.
)) (c:/Users/Lenovo/AppData/Roaming/TinyTeX/texmf-dist/tex/latex/tabu/tabu.sty
Package: tabu 2019/01/11 v2.9 - flexible LaTeX tabulars (FC+tabu-fixed)
(c:/Users/Lenovo/AppData/Roaming/TinyTeX/texmf-dist/tex/latex/varwidth/varwidth.sty
Package: varwidth 2009/03/30 ver 0.92;  Variable-width minipages
\@vwid@box=\box70
\sift@deathcycles=\count472
\@vwid@loff=\dimen263
\@vwid@roff=\dimen264
)
==> First Aid for varwidth.sty applied!
\c@taburow=\count473
\tabu@nbcols=\count474
\tabu@cnt=\count475
\tabu@Xcol=\count476
\tabu@alloc=\count477
\tabu@nested=\count478
\tabu@target=\dimen265
\tabu@spreadtarget=\dimen266
\tabu@naturalX=\dimen267
\tabucolX=\dimen268
\tabu@Xsum=\dimen269
\extrarowdepth=\dimen270
\abovetabulinesep=\dimen271
\belowtabulinesep=\dimen272
\tabustrutrule=\dimen273
\tabu@thebody=\toks36
\tabu@footnotes=\toks37
\tabu@box=\box71
\tabu@arstrutbox=\box72
\tabu@hleads=\box73
\tabu@vleads=\box74
\tabu@cellskip=\skip103
) (c:/Users/Lenovo/AppData/Roaming/TinyTeX/texmf-dist/tex/latex/threeparttable/threeparttable.sty
Package: threeparttable 2003/06/13  v 3.0
\@tempboxb=\box75
) (c:/Users/Lenovo/AppData/Roaming/TinyTeX/texmf-dist/tex/latex/threeparttablex/threeparttablex.sty
Package: threeparttablex 2013/07/23 v0.3 by daleif
(c:/Users/Lenovo/AppData/Roaming/TinyTeX/texmf-dist/tex/latex/environ/environ.sty
Package: environ 2014/05/04 v0.3 A new way to define environments
(c:/Users/Lenovo/AppData/Roaming/TinyTeX/texmf-dist/tex/latex/trimspaces/trimspaces.sty
Package: trimspaces 2009/09/17 v1.1 Trim spaces around a token list
))
\TPTL@width=\skip104
) (c:/Users/Lenovo/AppData/Roaming/TinyTeX/texmf-dist/tex/generic/ulem/ulem.sty
\UL@box=\box76
\UL@hyphenbox=\box77
\UL@skip=\skip105
\UL@hook=\toks38
\UL@height=\dimen274
\UL@pe=\count479
\UL@pixel=\dimen275
\ULC@box=\box78
Package: ulem 2019/11/18
\ULdepth=\dimen276
) (c:/Users/Lenovo/AppData/Roaming/TinyTeX/texmf-dist/tex/latex/makecell/makecell.sty
Package: makecell 2009/08/03 V0.1e Managing of Tab Column Heads and Cells
\rotheadsize=\dimen277
\c@nlinenum=\count480
\TeXr@lab=\toks39
) (c:/Users/Lenovo/AppData/Roaming/TinyTeX/texmf-dist/tex/latex/bookmark/bookmark.sty
Package: bookmark 2023-12-10 v1.31 PDF bookmarks (HO)
(c:/Users/Lenovo/AppData/Roaming/TinyTeX/texmf-dist/tex/latex/hyperref/hyperref.sty
Package: hyperref 2025-06-21 v7.01n Hypertext links for LaTeX
(c:/Users/Lenovo/AppData/Roaming/TinyTeX/texmf-dist/tex/generic/kvdefinekeys/kvdefinekeys.sty
Package: kvdefinekeys 2019-12-19 v1.6 Define keys (HO)
) (c:/Users/Lenovo/AppData/Roaming/TinyTeX/texmf-dist/tex/generic/pdfescape/pdfescape.sty
Package: pdfescape 2019/12/09 v1.15 Implements pdfTeX's escape features (HO)
) (c:/Users/Lenovo/AppData/Roaming/TinyTeX/texmf-dist/tex/latex/hycolor/hycolor.sty
Package: hycolor 2020-01-27 v1.10 Color options for hyperref/bookmark (HO)
) (c:/Users/Lenovo/AppData/Roaming/TinyTeX/texmf-dist/tex/latex/hyperref/nameref.sty
Package: nameref 2025-06-21 v2.57 Cross-referencing by name of section
(c:/Users/Lenovo/AppData/Roaming/TinyTeX/texmf-dist/tex/latex/refcount/refcount.sty
Package: refcount 2019/12/15 v3.6 Data extraction from label references (HO)
) (c:/Users/Lenovo/AppData/Roaming/TinyTeX/texmf-dist/tex/generic/gettitlestring/gettitlestring.sty
Package: gettitlestring 2019/12/15 v1.6 Cleanup title references (HO)
)
\c@section@level=\count481
) (c:/Users/Lenovo/AppData/Roaming/TinyTeX/texmf-dist/tex/generic/stringenc/stringenc.sty
Package: stringenc 2019/11/29 v1.12 Convert strings between diff. encodings (HO)
)
\@linkdim=\dimen278
\Hy@linkcounter=\count482
\Hy@pagecounter=\count483
(c:/Users/Lenovo/AppData/Roaming/TinyTeX/texmf-dist/tex/latex/hyperref/pd1enc.def
File: pd1enc.def 2025-06-21 v7.01n Hyperref: PDFDocEncoding definition (HO)
) (c:/Users/Lenovo/AppData/Roaming/TinyTeX/texmf-dist/tex/generic/intcalc/intcalc.sty
Package: intcalc 2019/12/15 v1.3 Expandable calculations with integers (HO)
)
\Hy@SavedSpaceFactor=\count484
(c:/Users/Lenovo/AppData/Roaming/TinyTeX/texmf-dist/tex/latex/hyperref/puenc.def
File: puenc.def 2025-06-21 v7.01n Hyperref: PDF Unicode definition (HO)
)
Package hyperref Info: Option `unicode' set `true' on input line 4052.
Package hyperref Info: Hyper figures OFF on input line 4181.
Package hyperref Info: Link nesting OFF on input line 4186.
Package hyperref Info: Hyper index ON on input line 4189.
Package hyperref Info: Plain pages OFF on input line 4196.
Package hyperref Info: Backreferencing OFF on input line 4201.
Package hyperref Info: Implicit mode ON; LaTeX internals redefined.
Package hyperref Info: Bookmarks ON on input line 4448.
\c@Hy@tempcnt=\count485
LaTeX Info: Redefining \url on input line 4787.
\XeTeXLinkMargin=\dimen279
(c:/Users/Lenovo/AppData/Roaming/TinyTeX/texmf-dist/tex/generic/bitset/bitset.sty
Package: bitset 2019/12/09 v1.3 Handle bit-vector datatype (HO)
(c:/Users/Lenovo/AppData/Roaming/TinyTeX/texmf-dist/tex/generic/bigintcalc/bigintcalc.sty
Package: bigintcalc 2019/12/15 v1.5 Expandable calculations on big integers (HO)
))
\Fld@menulength=\count486
\Field@Width=\dimen280
\Fld@charsize=\dimen281
Package hyperref Info: Hyper figures OFF on input line 6066.
Package hyperref Info: Link nesting OFF on input line 6071.
Package hyperref Info: Hyper index ON on input line 6074.
Package hyperref Info: backreferencing OFF on input line 6081.
Package hyperref Info: Link coloring OFF on input line 6086.
Package hyperref Info: Link coloring with OCG OFF on input line 6091.
Package hyperref Info: PDF/A mode OFF on input line 6096.
\Hy@abspage=\count487
\c@Item=\count488
\c@Hfootnote=\count489
)
Package hyperref Info: Driver (autodetected): hxetex.
(c:/Users/Lenovo/AppData/Roaming/TinyTeX/texmf-dist/tex/latex/hyperref/hxetex.def
File: hxetex.def 2025-06-21 v7.01n Hyperref driver for XeTeX
\pdfm@box=\box79
\c@Hy@AnnotLevel=\count490
\HyField@AnnotCount=\count491
\Fld@listcount=\count492
\c@bookmark@seq@number=\count493
(c:/Users/Lenovo/AppData/Roaming/TinyTeX/texmf-dist/tex/latex/rerunfilecheck/rerunfilecheck.sty
Package: rerunfilecheck 2025-06-21 v1.11 Rerun checks for auxiliary files (HO)
(c:/Users/Lenovo/AppData/Roaming/TinyTeX/texmf-dist/tex/generic/uniquecounter/uniquecounter.sty
Package: uniquecounter 2019/12/15 v1.4 Provide unlimited unique counter (HO)
)
Package uniquecounter Info: New unique counter `rerunfilecheck' on input line 284.
)
\Hy@SectionHShift=\skip106
) (c:/Users/Lenovo/AppData/Roaming/TinyTeX/texmf-dist/tex/latex/bookmark/bkm-dvipdfm.def
File: bkm-dvipdfm.def 2023-12-10 v1.31 bookmark driver for dvipdfm (HO)
\BKM@id=\count494
))
\@quotelevel=\count495
\@quotereset=\count496
(./CASA-Thesis.aux

LaTeX Warning: Label `sec:appendix-params' multiply defined.

)
\openout1 = `CASA-Thesis.aux'.

LaTeX Font Info:    Checking defaults for OML/cmm/m/it on input line 131.
LaTeX Font Info:    ... okay on input line 131.
LaTeX Font Info:    Checking defaults for OMS/cmsy/m/n on input line 131.
LaTeX Font Info:    ... okay on input line 131.
LaTeX Font Info:    Checking defaults for OT1/cmr/m/n on input line 131.
LaTeX Font Info:    ... okay on input line 131.
LaTeX Font Info:    Checking defaults for T1/cmr/m/n on input line 131.
LaTeX Font Info:    ... okay on input line 131.
LaTeX Font Info:    Checking defaults for TS1/cmr/m/n on input line 131.
LaTeX Font Info:    ... okay on input line 131.
LaTeX Font Info:    Checking defaults for TU/lmr/m/n on input line 131.
LaTeX Font Info:    ... okay on input line 131.
LaTeX Font Info:    Checking defaults for OMX/cmex/m/n on input line 131.
LaTeX Font Info:    ... okay on input line 131.
LaTeX Font Info:    Checking defaults for U/cmr/m/n on input line 131.
LaTeX Font Info:    ... okay on input line 131.
LaTeX Font Info:    Checking defaults for PD1/pdf/m/n on input line 131.
LaTeX Font Info:    ... okay on input line 131.
LaTeX Font Info:    Checking defaults for PU/pdf/m/n on input line 131.
LaTeX Font Info:    ... okay on input line 131.
*geometry* driver: auto-detecting
*geometry* detected driver: xetex
*geometry* verbose mode - [ preamble ] result:
* driver: xetex
* paper: <default>
* layout: <same size as paper>
* layoutoffset:(h,v)=(0.0pt,0.0pt)
* modes: 
* h-part:(L,W,R)=(113.81102pt, 415.12572pt, 85.35826pt)
* v-part:(T,H,B)=(71.13188pt, 652.70622pt, 71.13188pt)
* \paperwidth=614.295pt
* \paperheight=794.96999pt
* \textwidth=415.12572pt
* \textheight=652.70622pt
* \oddsidemargin=41.54103pt
* \evensidemargin=41.54103pt
* \topmargin=-33.0119pt
* \headheight=15.0pt
* \headsep=19.8738pt
* \topskip=12.0pt
* \footskip=30.0pt
* \marginparwidth=47.0pt
* \marginparsep=7.0pt
* \columnsep=10.0pt
* \skip\footins=10.8pt plus 4.0pt minus 2.0pt
* \hoffset=0.0pt
* \voffset=0.0pt
* \mag=1000
* \@twocolumnfalse
* \@twosidefalse
* \@mparswitchfalse
* \@reversemarginfalse
* (1in=72.27pt=25.4mm, 1cm=28.453pt)

LaTeX Font Info:    Overwriting math alphabet `\mathrm' in version `normal'
(Font)                  OT1/lmr/m/n --> TU/lmr/m/n on input line 131.
LaTeX Font Info:    Overwriting math alphabet `\mathit' in version `normal'
(Font)                  OT1/lmr/m/it --> TU/lmr/m/it on input line 131.
LaTeX Font Info:    Overwriting math alphabet `\mathbf' in version `normal'
(Font)                  OT1/lmr/bx/n --> TU/lmr/bx/n on input line 131.
LaTeX Font Info:    Overwriting math alphabet `\mathsf' in version `normal'
(Font)                  OT1/lmss/m/n --> TU/lmss/m/n on input line 131.
LaTeX Font Info:    Overwriting math alphabet `\mathsf' in version `bold'
(Font)                  OT1/lmss/bx/n --> TU/lmss/bx/n on input line 131.
LaTeX Font Info:    Overwriting math alphabet `\mathtt' in version `normal'
(Font)                  OT1/lmtt/m/n --> TU/lmtt/m/n on input line 131.
LaTeX Font Info:    Overwriting math alphabet `\mathtt' in version `bold'
(Font)                  OT1/lmtt/m/n --> TU/lmtt/bx/n on input line 131.

Package fontspec Info: 
(fontspec)             latinmodern-math scale = 0.9999970497384594.


Package fontspec Info: 
(fontspec)             latinmodern-math scale = 0.9999970497384594.


Package fontspec Info: 
(fontspec)             latinmodern-math scale = 0.9999970497384594.


Package fontspec Info: 
(fontspec)             Font family 'latinmodern-math.otf(0)' created for font
(fontspec)             'latinmodern-math.otf' with options
(fontspec)             [Scale=MatchLowercase,BoldItalicFont={},ItalicFont={},SmallCapsFont={},Script=Math,BoldFont={latinmodern-math.otf}].
(fontspec)              
(fontspec)              This font family consists of the following NFSS
(fontspec)             series/shapes:
(fontspec)              
(fontspec)             - 'normal' (m/n) with NFSS spec.:
(fontspec)             <->s*[0.9999970497384594]"[latinmodern-math.otf]/OT:script=math;language=dflt;"
(fontspec)             - 'bold' (b/n) with NFSS spec.:
(fontspec)             <->s*[0.9999970497384594]"[latinmodern-math.otf]/OT:script=math;language=dflt;"

LaTeX Font Info:    Font shape `TU/latinmodern-math.otf(0)/m/n' will be
(Font)              scaled to size 12.0pt on input line 131.

Package fontspec Info: 
(fontspec)             latinmodern-math scale = 0.9999970497384594.


Package fontspec Info: 
(fontspec)             latinmodern-math scale = 0.9999970497384594.


Package fontspec Info: 
(fontspec)             latinmodern-math scale = 0.9999970497384594.


Package fontspec Info: 
(fontspec)             latinmodern-math scale = 0.9999970497384594.


Package fontspec Info: 
(fontspec)             latinmodern-math scale = 0.9999970497384594.


Package fontspec Info: 
(fontspec)             Font family 'latinmodern-math.otf(1)' created for font
(fontspec)             'latinmodern-math.otf' with options
(fontspec)             [Scale=MatchLowercase,BoldItalicFont={},ItalicFont={},SmallCapsFont={},Script=Math,SizeFeatures={{Size=10.2-},{Size=7.2-10.2,Font=latinmodern-math.otf,Style=MathScript},{Size=-7.2,Font=latinmodern-math.otf,Style=MathScriptScript}},BoldFont={latinmodern-math.otf}].
(fontspec)              
(fontspec)              This font family consists of the following NFSS
(fontspec)             series/shapes:
(fontspec)              
(fontspec)             - 'normal' (m/n) with NFSS spec.:
(fontspec)             <10.2->s*[0.9999970497384594]"[latinmodern-math.otf]/OT:script=math;language=dflt;"<7.2-10.2>s*[0.9999970497384594]"[latinmodern-math.otf]/OT:script=math;language=dflt;+ssty=0;"<-7.2>s*[0.9999970497384594]"[latinmodern-math.otf]/OT:script=math;language=dflt;+ssty=1;"
(fontspec)             - 'bold' (b/n) with NFSS spec.:
(fontspec)             <->s*[0.9999970497384594]"[latinmodern-math.otf]/OT:script=math;language=dflt;"

LaTeX Font Info:    Font shape `TU/latinmodern-math.otf(1)/m/n' will be
(Font)              scaled to size 12.0pt on input line 131.
LaTeX Font Info:    Encoding `OT1' has changed to `TU' for symbol font
(Font)              `operators' in the math version `normal' on input line 131.
LaTeX Font Info:    Overwriting symbol font `operators' in version `normal'
(Font)                  OT1/lmr/m/n --> TU/latinmodern-math.otf(1)/m/n on input line 131.
LaTeX Font Info:    Encoding `OT1' has changed to `TU' for symbol font
(Font)              `operators' in the math version `bold' on input line 131.
LaTeX Font Info:    Overwriting symbol font `operators' in version `bold'
(Font)                  OT1/lmr/bx/n --> TU/latinmodern-math.otf(1)/b/n on input line 131.

Package fontspec Info: 
(fontspec)             latinmodern-math scale = 0.9999970497384594.


Package fontspec Info: 
(fontspec)             latinmodern-math scale = 1.000097049443433.


Package fontspec Info: 
(fontspec)             latinmodern-math scale = 0.9999970497384594.


Package fontspec Info: 
(fontspec)             latinmodern-math scale = 1.000097049443433.


Package fontspec Info: 
(fontspec)             latinmodern-math scale = 0.9999970497384594.


Package fontspec Info: 
(fontspec)             latinmodern-math scale = 1.000097049443433.


Package fontspec Info: 
(fontspec)             latinmodern-math scale = 0.9999970497384594.


Package fontspec Info: 
(fontspec)             latinmodern-math scale = 1.000097049443433.


Package fontspec Info: 
(fontspec)             latinmodern-math scale = 0.9999970497384594.


Package fontspec Info: 
(fontspec)             latinmodern-math scale = 1.000097049443433.


Package fontspec Info: 
(fontspec)             Font family 'latinmodern-math.otf(2)' created for font
(fontspec)             'latinmodern-math.otf' with options
(fontspec)             [Scale=MatchLowercase,BoldItalicFont={},ItalicFont={},SmallCapsFont={},Script=Math,SizeFeatures={{Size=10.2-},{Size=7.2-10.2,Font=latinmodern-math.otf,Style=MathScript},{Size=-7.2,Font=latinmodern-math.otf,Style=MathScriptScript}},BoldFont={latinmodern-math.otf},ScaleAgain=1.0001,FontAdjustment={\fontdimen
(fontspec)             8\font =8.124pt\relax \fontdimen 9\font =4.728pt\relax
(fontspec)             \fontdimen 10\font =5.328pt\relax \fontdimen 11\font
(fontspec)             =8.232pt\relax \fontdimen 12\font =4.14pt\relax
(fontspec)             \fontdimen 13\font =4.356pt\relax \fontdimen 14\font
(fontspec)             =4.356pt\relax \fontdimen 15\font =3.468pt\relax
(fontspec)             \fontdimen 16\font =2.964pt\relax \fontdimen 17\font
(fontspec)             =2.964pt\relax \fontdimen 18\font =3.0pt\relax
(fontspec)             \fontdimen 19\font =2.4pt\relax \fontdimen 22\font
(fontspec)             =3.0pt\relax \fontdimen 20\font =0pt\relax \fontdimen
(fontspec)             21\font =0pt\relax }].
(fontspec)              
(fontspec)              This font family consists of the following NFSS
(fontspec)             series/shapes:
(fontspec)              
(fontspec)             - 'normal' (m/n) with NFSS spec.:
(fontspec)             <10.2->s*[1.000097049443433]"[latinmodern-math.otf]/OT:script=math;language=dflt;"<7.2-10.2>s*[1.000097049443433]"[latinmodern-math.otf]/OT:script=math;language=dflt;+ssty=0;"<-7.2>s*[1.000097049443433]"[latinmodern-math.otf]/OT:script=math;language=dflt;+ssty=1;"
(fontspec)             - 'bold' (b/n) with NFSS spec.:
(fontspec)             <->s*[1.000097049443433]"[latinmodern-math.otf]/OT:script=math;language=dflt;"

LaTeX Font Info:    Encoding `OMS' has changed to `TU' for symbol font
(Font)              `symbols' in the math version `normal' on input line 131.
LaTeX Font Info:    Overwriting symbol font `symbols' in version `normal'
(Font)                  OMS/lmsy/m/n --> TU/latinmodern-math.otf(2)/m/n on input line 131.
LaTeX Font Info:    Encoding `OMS' has changed to `TU' for symbol font
(Font)              `symbols' in the math version `bold' on input line 131.
LaTeX Font Info:    Overwriting symbol font `symbols' in version `bold'
(Font)                  OMS/lmsy/b/n --> TU/latinmodern-math.otf(2)/b/n on input line 131.

Package fontspec Info: 
(fontspec)             latinmodern-math scale = 0.9999970497384594.


Package fontspec Info: 
(fontspec)             latinmodern-math scale = 0.9998970500334856.


Package fontspec Info: 
(fontspec)             latinmodern-math scale = 0.9999970497384594.


Package fontspec Info: 
(fontspec)             latinmodern-math scale = 0.9998970500334856.


Package fontspec Info: 
(fontspec)             latinmodern-math scale = 0.9999970497384594.


Package fontspec Info: 
(fontspec)             latinmodern-math scale = 0.9998970500334856.


Package fontspec Info: 
(fontspec)             latinmodern-math scale = 0.9999970497384594.


Package fontspec Info: 
(fontspec)             latinmodern-math scale = 0.9998970500334856.


Package fontspec Info: 
(fontspec)             latinmodern-math scale = 0.9999970497384594.


Package fontspec Info: 
(fontspec)             latinmodern-math scale = 0.9998970500334856.


Package fontspec Info: 
(fontspec)             Font family 'latinmodern-math.otf(3)' created for font
(fontspec)             'latinmodern-math.otf' with options
(fontspec)             [Scale=MatchLowercase,BoldItalicFont={},ItalicFont={},SmallCapsFont={},Script=Math,SizeFeatures={{Size=10.2-},{Size=7.2-10.2,Font=latinmodern-math.otf,Style=MathScript},{Size=-7.2,Font=latinmodern-math.otf,Style=MathScriptScript}},BoldFont={latinmodern-math.otf},ScaleAgain=0.9999,FontAdjustment={\fontdimen
(fontspec)             8\font =0.48pt\relax \fontdimen 9\font =2.4pt\relax
(fontspec)             \fontdimen 10\font =2.004pt\relax \fontdimen 11\font
(fontspec)             =1.332pt\relax \fontdimen 12\font =7.2pt\relax
(fontspec)             \fontdimen 13\font =0pt\relax }].
(fontspec)              
(fontspec)              This font family consists of the following NFSS
(fontspec)             series/shapes:
(fontspec)              
(fontspec)             - 'normal' (m/n) with NFSS spec.:
(fontspec)             <10.2->s*[0.9998970500334856]"[latinmodern-math.otf]/OT:script=math;language=dflt;"<7.2-10.2>s*[0.9998970500334856]"[latinmodern-math.otf]/OT:script=math;language=dflt;+ssty=0;"<-7.2>s*[0.9998970500334856]"[latinmodern-math.otf]/OT:script=math;language=dflt;+ssty=1;"
(fontspec)             - 'bold' (b/n) with NFSS spec.:
(fontspec)             <->s*[0.9998970500334856]"[latinmodern-math.otf]/OT:script=math;language=dflt;"

LaTeX Font Info:    Encoding `OMX' has changed to `TU' for symbol font
(Font)              `largesymbols' in the math version `normal' on input line 131.
LaTeX Font Info:    Overwriting symbol font `largesymbols' in version `normal'
(Font)                  OMX/lmex/m/n --> TU/latinmodern-math.otf(3)/m/n on input line 131.
LaTeX Font Info:    Encoding `OMX' has changed to `TU' for symbol font
(Font)              `largesymbols' in the math version `bold' on input line 131.
LaTeX Font Info:    Overwriting symbol font `largesymbols' in version `bold'
(Font)                  OMX/lmex/m/n --> TU/latinmodern-math.otf(3)/b/n on input line 131.
Package microtype Info: Patching varwidth to enable character protrusion.
\MT@vwid@leftmargin=\dimen282
\MT@vwid@rightmargin=\dimen283
LaTeX Info: Redefining \microtypecontext on input line 131.
Package microtype Info: Applying patch `item' on input line 131.
Package microtype Info: Applying patch `toc' on input line 131.
Package microtype Info: Applying patch `eqnum' on input line 131.
Package microtype Info: Applying patch `footnote' on input line 131.
Package microtype Info: Applying patch `verbatim' on input line 131.
LaTeX Info: Redefining \microtypesetup on input line 131.
Package microtype Info: Character protrusion enabled (level 2).
Package microtype Info: Using protrusion set `basicmath'.
Package microtype Info: No adjustment of tracking.
Package microtype Info: No adjustment of spacing.
Package microtype Info: No adjustment of kerning.
(c:/Users/Lenovo/AppData/Roaming/TinyTeX/texmf-dist/tex/latex/microtype/mt-LatinModernRoman.cfg
File: mt-LatinModernRoman.cfg 2021/02/21 v1.1 microtype config. file: Latin Modern Roman (RS)
)
Package biblatex Info: Trying to load language 'english' -> 'english-apa'...
Package biblatex Info: ... file 'english-apa.lbx' found.
(c:/Users/Lenovo/AppData/Roaming/TinyTeX/texmf-dist/tex/latex/biblatex-apa/english-apa.lbx
File: english-apa.lbx 2023/03/20 v9.17 APA biblatex localisation
Package biblatex Info: Trying to load language 'english'...
Package biblatex Info: ... file 'english.lbx' found.
(c:/Users/Lenovo/AppData/Roaming/TinyTeX/texmf-dist/tex/latex/biblatex/lbx/english.lbx
File: english.lbx 2024/03/21 v3.20 biblatex localization (PK/MW)
)
Package biblatex Info: Trying to load language 'american' -> 'american-apa'...
Package biblatex Info: ... file 'american-apa.lbx' found.
(c:/Users/Lenovo/AppData/Roaming/TinyTeX/texmf-dist/tex/latex/biblatex-apa/american-apa.lbx
File: american-apa.lbx 2023/03/20 v9.17 APA biblatex localisation
Package biblatex Info: Trying to load language 'american'...
Package biblatex Info: ... file 'american.lbx' found.
(c:/Users/Lenovo/AppData/Roaming/TinyTeX/texmf-dist/tex/latex/biblatex/lbx/american.lbx
File: american.lbx 2024/03/21 v3.20 biblatex localization (PK/MW)
Package biblatex Info: Trying to load language 'english'...
Package biblatex Info: ... file 'english.lbx' found.
(c:/Users/Lenovo/AppData/Roaming/TinyTeX/texmf-dist/tex/latex/biblatex/lbx/english.lbx
File: english.lbx 2024/03/21 v3.20 biblatex localization (PK/MW)
))))
Package biblatex Info: XeTeX detected.
(biblatex)             Assuming input encoding 'utf8'.
Package biblatex Info: Automatic encoding selection.
(biblatex)             Assuming data encoding 'utf8'.
\openout3 = `CASA-Thesis.bcf'.

Package biblatex Info: Trying to load bibliographic data...
Package biblatex Info: ... file 'CASA-Thesis.bbl' found.
(./CASA-Thesis.bbl)
Package biblatex Info: Reference section=0 on input line 131.
Package biblatex Info: Reference segment=0 on input line 131.
Package caption Info: Begin \AtBeginDocument code.
Package caption Info: float package is loaded.
Package caption Info: hyperref package is loaded.
Package caption Info: threeparttable package is loaded.
Package caption Info: wrapfig package is loaded.
Package caption Info: End \AtBeginDocument code.
Package hyperref Info: Link coloring OFF on input line 131.
LaTeX Font Info:    Font shape `TU/latinmodern-math.otf(1)/m/n' will be
(Font)              scaled to size 14.4pt on input line 133.
LaTeX Font Info:    Font shape `TU/latinmodern-math.otf(1)/m/n' will be
(Font)              scaled to size 10.0pt on input line 133.
LaTeX Font Info:    Font shape `TU/latinmodern-math.otf(1)/m/n' will be
(Font)              scaled to size 7.0pt on input line 133.
LaTeX Font Info:    Trying to load font information for OML+lmm on input line 133.
(c:/Users/Lenovo/AppData/Roaming/TinyTeX/texmf-dist/tex/latex/lm/omllmm.fd
File: omllmm.fd 2015/05/01 v1.6.1 Font defs for Latin Modern
)
LaTeX Font Info:    Font shape `TU/latinmodern-math.otf(2)/m/n' will be
(Font)              scaled to size 14.4013pt on input line 133.
LaTeX Font Info:    Font shape `TU/latinmodern-math.otf(2)/m/n' will be
(Font)              scaled to size 10.00092pt on input line 133.
LaTeX Font Info:    Font shape `TU/latinmodern-math.otf(2)/m/n' will be
(Font)              scaled to size 7.00064pt on input line 133.
LaTeX Font Info:    Font shape `TU/latinmodern-math.otf(3)/m/n' will be
(Font)              scaled to size 14.39845pt on input line 133.
LaTeX Font Info:    Font shape `TU/latinmodern-math.otf(3)/m/n' will be
(Font)              scaled to size 9.99893pt on input line 133.
LaTeX Font Info:    Font shape `TU/latinmodern-math.otf(3)/m/n' will be
(Font)              scaled to size 6.99925pt on input line 133.
LaTeX Font Info:    Trying to load font information for U+msa on input line 133.
(c:/Users/Lenovo/AppData/Roaming/TinyTeX/texmf-dist/tex/latex/amsfonts/umsa.fd
File: umsa.fd 2013/01/14 v3.01 AMS symbols A
) (c:/Users/Lenovo/AppData/Roaming/TinyTeX/texmf-dist/tex/latex/microtype/mt-msa.cfg
File: mt-msa.cfg 2006/02/04 v1.1 microtype config. file: AMS symbols (a) (RS)
)
LaTeX Font Info:    Trying to load font information for U+msb on input line 133.
(c:/Users/Lenovo/AppData/Roaming/TinyTeX/texmf-dist/tex/latex/amsfonts/umsb.fd
File: umsb.fd 2013/01/14 v3.01 AMS symbols B
) (c:/Users/Lenovo/AppData/Roaming/TinyTeX/texmf-dist/tex/latex/microtype/mt-msb.cfg
File: mt-msb.cfg 2005/06/01 v1.0 microtype config. file: AMS symbols (b) (RS)
)
Overfull \hbox (10.76456pt too wide) in paragraph at lines 133--133
 [][] 
 []



[1


]
Underfull \hbox (badness 2486) in paragraph at lines 139--140
\TU/lmr/m/n/12 network centrality into a unified Cycling Environment Composite Index
 []



[1

]

[2

]

[3

] (./CASA-Thesis.toc
LaTeX Font Info:    Font shape `TU/latinmodern-math.otf(1)/m/n' will be
(Font)              scaled to size 8.4pt on input line 2.
LaTeX Font Info:    Font shape `TU/latinmodern-math.otf(1)/m/n' will be
(Font)              scaled to size 6.0pt on input line 2.
LaTeX Font Info:    Font shape `TU/latinmodern-math.otf(2)/m/n' will be
(Font)              scaled to size 12.0011pt on input line 2.
LaTeX Font Info:    Font shape `TU/latinmodern-math.otf(2)/m/n' will be
(Font)              scaled to size 8.40076pt on input line 2.
LaTeX Font Info:    Font shape `TU/latinmodern-math.otf(2)/m/n' will be
(Font)              scaled to size 6.00055pt on input line 2.
LaTeX Font Info:    Font shape `TU/latinmodern-math.otf(3)/m/n' will be
(Font)              scaled to size 11.99872pt on input line 2.
LaTeX Font Info:    Font shape `TU/latinmodern-math.otf(3)/m/n' will be
(Font)              scaled to size 8.3991pt on input line 2.
LaTeX Font Info:    Font shape `TU/latinmodern-math.otf(3)/m/n' will be
(Font)              scaled to size 5.99936pt on input line 2.


[4

]

[5])
\tf@toc=\write4
\openout4 = `CASA-Thesis.toc'.



[6] (./CASA-Thesis.lof

[7

]
Underfull \hbox (badness 1755) in paragraph at lines 25--25
 [][] [][]\TU/lmr/m/n/12 Sensitivity Analysis of Borough Rankings under Alternative 
 []

)
\tf@lof=\write5
\openout5 = `CASA-Thesis.lof'.



[8] (./CASA-Thesis.lot)
\tf@lot=\write6
\openout6 = `CASA-Thesis.lot'.



[9

]
Missing character: There is no  (U+2082) in font [lmroman12-regular]:mapping=tex-text;!


[10

]

[11]
Chapter 1.


[1

]

[2]
Underfull \hbox (badness 2142) in paragraph at lines 246--248
[]\TU/lmr/m/n/12 Structural rideability, capturing infrastructure types, geometry, and
 []


Underfull \hbox (badness 10000) in paragraph at lines 246--248

 []


Underfull \hbox (badness 1783) in paragraph at lines 248--250
[]\TU/lmr/m/n/12 Environmental perception, accounting for greenery, air quality, and
 []


Underfull \hbox (badness 10000) in paragraph at lines 248--250

 []


Overfull \hbox (11.99246pt too wide) in paragraph at lines 273--274
[]\TU/lmr/m/n/12 By addressing these aims, the dissertation contributes in two ways. Methodologically,
 []


Overfull \hbox (0.21434pt too wide) in paragraph at lines 273--274
\TU/lmr/m/n/12 it demonstrates how diverse datasets can be operationalised into a single evaluative
 []



[3]
Chapter 2.


[4

]
Overfull \hbox (0.43834pt too wide) in paragraph at lines 285--286
[]\TU/lmr/m/n/12 Investments in cycling infrastructure also appear to produce wider societal benefits.
 []



[5]
Underfull \hbox (badness 1194) in paragraph at lines 293--294
\TU/lmr/m/n/12 capturing physical infrastructure attributes that directly influences cycling
 []



[6]
Underfull \hbox (badness 1577) in paragraph at lines 316--317
\TU/lmr/m/n/12 with significantly fewer cyclist injuries, with research demonstrating that
 []



[7]
Underfull \hbox (badness 1389) in paragraph at lines 326--327
[]\TU/lmr/m/n/12 The continuity of cycling networks and intersection treatments constitute
 []


Underfull \hbox (badness 1082) in paragraph at lines 326--327
\TU/lmr/m/n/12 locations with cycling network discontinuities, highlighting the importance
 []


Underfull \hbox (badness 1509) in paragraph at lines 326--327
\TU/lmr/m/n/12 fundamental considerations in LTS evaluation, with studies showing that
 []



[8]

[9]
Underfull \hbox (badness 1430) in paragraph at lines 367--368
\TU/lmr/m/n/12 (GVI), air quality (NO$[]$), and natural featuresprovide a comprehensive
 []


Underfull \hbox (badness 3965) in paragraph at lines 373--374
[]\TU/lmr/m/n/12 Contemporary approaches to network analysis have been revolutionized
 []


Underfull \hbox (badness 1173) in paragraph at lines 373--374
\TU/lmr/m/n/12 Python package that enables comprehensive street network analysis using
 []


Underfull \hbox (badness 2698) in paragraph at lines 373--374
\TU/lmr/m/n/12 OpenStreetMap data, allowing researchers to download, model, analyze,
 []



[10]
Underfull \hbox (badness 1596) in paragraph at lines 375--376
\TU/lmr/m/n/12 skeleton of urban areas. Their Multiple Centrality Assessment (MCA)
 []


Underfull \hbox (badness 2158) in paragraph at lines 377--378
\TU/lmr/m/n/12 influences cycling behavior, with well-connected networks showing higher
 []


Underfull \hbox (badness 2142) in paragraph at lines 379--380
\TU/lmr/m/n/12 centrality and clustering coefficients provides quantitative frameworks for
 []



[11]
Underfull \hbox (badness 1859) in paragraph at lines 381--381
[]\TU/lmr/bx/n/17.28 Cycling Environmental Composite Index
 []


Underfull \hbox (badness 1205) in paragraph at lines 391--392
[]\TU/lmr/m/n/12 However, a significant limitation in current theoretical frameworks is the
 []


Underfull \hbox (badness 1701) in paragraph at lines 391--392
\TU/lmr/m/n/12 insufficient integration of cycling perceptual factors and subjective safety
 []



[12]
Underfull \hbox (badness 3601) in paragraph at lines 397--398
\TU/lmr/m/n/12 Despite the comprehensive literature base, existing cycling environment
 []


Underfull \hbox (badness 1810) in paragraph at lines 399--400
\TU/lmr/m/n/12 the critical dimensions of structural rideability, environmental perception,
 []


Underfull \hbox (badness 2173) in paragraph at lines 399--400
\TU/lmr/m/n/12 synthesizing diverse but interrelated urban cycling determinants, thereby
 []



[13]

[14]
Chapter 3.


[15

]
Underfull \hbox (badness 2875) in paragraph at lines 411--412
[]\TU/lmr/m/n/12 Recent evaluations of Londons cycling interventions have shown mixed
 []



[16]
Underfull \hbox (badness 1460) in paragraph at lines 421--422
\TU/lmr/m/n/12 GIS Boundary Files, comprising both Borough-level and Greater London
 []


Underfull \hbox (badness 2119) in paragraph at lines 433--435
\TU/lmr/m/n/12 around 2015) to estimate the proportion of visible greenery along
 []



[17]
Underfull \hbox (badness 1895) in paragraph at lines 437--438
[]\TU/lmr/m/n/12 Natural Features: Additional environmental attributes were derived
 []



[18]
Overfull \hbox (1.67303pt too wide) in paragraph at lines 465--465
[]|\TU/lmr/m/n/9 OpenStreetMap 
 []

Missing character: There is no  (U+2082) in font [lmroman9-regular]:mapping=tex-text;!

Overfull \hbox (1.67303pt too wide) in paragraph at lines 471--471
[]|\TU/lmr/m/n/9 OpenStreetMap|  
 []



[19]
Chapter 4.
File: general_images/flow.png Graphic file (type bmp)
<general_images/flow.png>


[20

]
Underfull \hbox (badness 1881) in paragraph at lines 498--499
\TU/lmr/m/n/12 Overpass query. An inclusion-oriented stage captures bicycle-permissible
 []


Underfull \hbox (badness 1253) in paragraph at lines 498--499
\TU/lmr/m/n/12 ways across Greater London. A targeted clean removes motorways and
 []


Underfull \hbox (badness 1281) in paragraph at lines 508--509
[]\TU/lmr/m/n/12 A light-touch sequence improves graph consistency while preserving OSM
 []



[21]
LaTeX Font Info:    Font shape `TU/latinmodern-math.otf(1)/m/n' will be
(Font)              scaled to size 5.0pt on input line 541.
LaTeX Font Info:    Font shape `TU/latinmodern-math.otf(2)/m/n' will be
(Font)              scaled to size 5.00046pt on input line 541.
LaTeX Font Info:    Font shape `TU/latinmodern-math.otf(3)/m/n' will be
(Font)              scaled to size 4.99947pt on input line 541.

Underfull \hbox (badness 1496) in paragraph at lines 541--542
[]\TU/lmr/m/n/12 The structural module quantifies how road-segment design and operating
 []



[22]
Underfull \hbox (badness 4726) in paragraph at lines 553--554
[]\TU/lmr/m/n/12 During model transfer, several source-model assumptions interact with
 []


Underfull \hbox (badness 4886) in paragraph at lines 559--560
[]\TU/lmr/m/n/12 Variance inflation factors (VIF) provide a separate, regression-oriented
 []



[23]
File: general_images/pca.png Graphic file (type bmp)
<general_images/pca.png>
File: general_images/vif1.png Graphic file (type bmp)
<general_images/vif1.png>


[24]
Underfull \hbox (badness 1286) in paragraph at lines 599--601
[]\TU/lmr/m/n/12 Also, there are some adaptations for left-hand-traffic regime, local speed
 []


Underfull \hbox (badness 1082) in paragraph at lines 604--605
\TU/lmr/m/n/12 A key element of preprocessing is sidepath identification. Because cycle
 []



[25]
Underfull \hbox (badness 1502) in paragraph at lines 615--617
[]\TU/lmr/m/n/12 Speed and classification (fac$[]$): Posted speed (\TU/lmtt/m/n/12 proc_-maxspeed\TU/lmr/m/n/12 ) and
 []


Underfull \hbox (badness 2393) in paragraph at lines 619--621
\TU/lmr/m/n/12 surface/smoothness classes, and priority on major roads contribute
 []



[26]
Underfull \hbox (badness 1072) in paragraph at lines 636--637
\TU/lmr/m/n/12 The environmental module operationalises three link-level components and
 []



[27]

[28]

[29]
Underfull \hbox (badness 1515) in paragraph at lines 715--716
\TU/lmr/m/n/12 greenery, pollution, natural features) record geometryattribute counts to
 []



[30]
Chapter 5.

Underfull \hbox (badness 1117) in paragraph at lines 723--724
\TU/lmr/m/n/12 The analysis of structural ridability reveals a two-layer constraint system
 []

File: general_images/fac1_2.png Graphic file (type bmp)
<general_images/fac1_2.png>


[31

]
File: general_images/slopeLTS.png Graphic file (type bmp)
<general_images/slopeLTS.png>


[32]
File: general_images/LTS12.png Graphic file (type bmp)
<general_images/LTS12.png>


[33]

[34]

[35]
LaTeX Font Info:    Font shape `TU/lmtt/bx/n' in size <14.4> not available
(Font)              Font shape `TU/lmtt/b/n' tried instead on input line 796.
File: general_images/index_s1.png Graphic file (type bmp)
<general_images/index_s1.png>
File: general_images/index1histogram.png Graphic file (type bmp)
<general_images/index1histogram.png>


[36]

[37]
File: general_images/gvi.png Graphic file (type bmp)
<general_images/gvi.png>
File: general_images/no2.png Graphic file (type bmp)
<general_images/no2.png>

Underfull \hbox (badness 1248) in paragraph at lines 850--851
\TU/lmr/m/n/12 By contrast, peripheral zones and green buffer areas display significantly
 []



[38]

[39]
File: general_images/nf.png Graphic file (type bmp)
<general_images/nf.png>


[40]
File: general_images/index_s2.png Graphic file (type bmp)
<general_images/index_s2.png>


[41]
Underfull \hbox (badness 3428) in paragraph at lines 878--879
[]\TU/lmr/m/n/12 The resulting composite index demonstrates a distinct spatial gradient.
 []



[42]
File: general_images/Centrality.png Graphic file (type bmp)
<general_images/Centrality.png>


[43]
Underfull \hbox (badness 4024) in paragraph at lines 897--898
\TU/lmr/m/n/12 through-traffic and inter-district connections, but offering less balanced
 []

File: general_images/index_s3.png Graphic file (type bmp)
<general_images/index_s3.png>


[44]
Underfull \hbox (badness 7291) in paragraph at lines 916--916
[]\TU/lmr/bx/n/17.28 Cycling Environment Composite Index
 []


Overfull \hbox (2.83415pt too wide) in paragraph at lines 920--920
[]\TU/lmr/bx/n/14.4 City-Wide Distribution and Bottleneck Identification 
 []

File: general_images/cqi.png Graphic file (type bmp)
<general_images/cqi.png>


[45]

[46]
File: general_images/cqi_kde.png Graphic file (type bmp)
<general_images/cqi_kde.png>

Underfull \hbox (badness 1769) in paragraph at lines 948--949
\TU/lmr/m/n/12 distribution of the Cycling Environment Composite Index (CECI). Road
 []



[47]
Underfull \hbox (badness 1735) in paragraph at lines 950--951
[]\TU/lmr/m/n/12 The results show that clusters of low-CECI segments are predominantly
 []


Underfull \hbox (badness 1442) in paragraph at lines 950--951
\TU/lmr/m/n/12 lower quality. Additional hotspots extend along several radial corridors,
 []



[48]

[49]
File: general_images/AverageCQIbyBorough.png Graphic file (type bmp)
<general_images/AverageCQIbyBorough.png>


[50]
File: general_images/BoroughComposition.png Graphic file (type bmp)
<general_images/BoroughComposition.png>


[51]
File: general_images/box_cqi_by_borough.png Graphic file (type bmp)
<general_images/box_cqi_by_borough.png>
File: general_images/cqi_robustness_delta_bar.png Graphic file (type bmp)
<general_images/cqi_robustness_delta_bar.png>

Underfull \hbox (badness 1199) in paragraph at lines 1023--1023
[]\TU/lmr/m/n/12 Figure 5.17: |Sensitivity Analysis of Borough Rankings under Alternative
 []



[52]

[53]
Chapter 6.


[54

]
Underfull \hbox (badness 1163) in paragraph at lines 1048--1049
\TU/lmr/m/n/12 The estimation of edge betweenness via stochastic sourcetarget sampling
 []



[55]
Underfull \hbox (badness 1635) in paragraph at lines 1050--1051
[]\TU/lmr/m/n/12 Temporal alignment across inputs constitutes a further limitation. The
 []



[56]

[57]

[58]
Chapter 7.

Underfull \hbox (badness 2181) in paragraph at lines 1066--1067
\TU/lmr/m/n/12 This dissertation has developed and applied a composite framework for
 []



[59

]
Underfull \hbox (badness 3482) in paragraph at lines 1080--1083
\TU/lmr/m/n/12 Air quality management and urban greening strategies should be
 []


Underfull \hbox (badness 2626) in paragraph at lines 1089--1091
\TU/lmr/m/n/12 The CECI framework developed here can support monitoring and
 []


Underfull \hbox (badness 2556) in paragraph at lines 1089--1091
\TU/lmr/m/n/12 prioritisation. Incorporating such composite indicators into policy
 []



[60]
Underfull \hbox (badness 10000) in paragraph at lines 1100--1102

 []


Underfull \hbox (badness 10000) in paragraph at lines 1102--1104

 []


Underfull \hbox (badness 10000) in paragraph at lines 1104--1106

 []



[61]
Underfull \hbox (badness 2073) in paragraph at lines 1113--1113
\TU/lmr/m/it/12 Research Part A: Policy and Practice\TU/lmr/m/n/12 , \TU/lmr/m/it/12 46\TU/lmr/m/n/12 (10), 17301740. []$[][][][][] []
 []



[62

]
Overfull \hbox (27.6783pt too wide) in paragraph at lines 1113--1113
\TU/lmr/m/n/12 [Publisher: Routledge _-eprint: https://doi.org/10.1080/01441647.2015.1069908].
 []


Underfull \hbox (badness 2042) in paragraph at lines 1113--1113
\TU/lmr/m/n/12 Quantifying the Health and Related Economic Benefits [Publisher:
 []



[63]
Underfull \hbox (badness 2393) in paragraph at lines 1113--1113
\TU/lmr/m/it/12 Research Part F: Traffic Psychology and Behaviour\TU/lmr/m/n/12 , \TU/lmr/m/it/12 56\TU/lmr/m/n/12 , 381391.
 []


Underfull \hbox (badness 1242) in paragraph at lines 1113--1113
\TU/lmr/m/n/12 S. M., Hunte, G., Monro, M., Vernich, L., & Teschke, K. (2013).
 []



[64]

[65]
Underfull \hbox (badness 2189) in paragraph at lines 1113--1113
[][]\TU/lmr/m/n/12 Moreno, C., Allam, Z., Chabaud, D., Gall, C., & Pratlong, F. (2021).
 []


Underfull \hbox (badness 6978) in paragraph at lines 1113--1113
\TU/lmr/m/n/12 Introducing the 15-Minute City: Sustainability, Resilience and
 []



[66]
Overfull \hbox (61.2943pt too wide) in paragraph at lines 1113--1113
\TU/lmr/m/n/12 future [Publisher: Routledge _-eprint: https://doi.org/10.1080/01441647.2017.1340234].
 []



[67]
Underfull \hbox (badness 2245) in paragraph at lines 1113--1113
\TU/lmr/m/n/12 Stress Analysis [Publisher: SAGE Publications Inc]. \TU/lmr/m/it/12 Transportation
 []


Underfull \hbox (badness 1205) in paragraph at lines 1113--1113
\TU/lmr/m/it/12 Research Record\TU/lmr/m/n/12 , \TU/lmr/m/it/12 2673\TU/lmr/m/n/12 (4), 284294. []$[][][][][] [] [] [] [][][] [] [][][] [] [][] [] [][][][] []
 []


Underfull \hbox (badness 2096) in paragraph at lines 1113--1113
\TU/lmr/m/n/12 deterrents of bicycling: Comparing influences on decisions to ride.
 []



[68]
Overfull \hbox (11.5049pt too wide) in paragraph at lines 1135--1137
[]\TU/lmtt/m/n/12 default_-oneway_-cycle_-lane=[]yes[]\TU/lmr/m/n/12 ; \TU/lmtt/m/n/12 default_-oneway_-cycle_-track=[]yes[]\TU/lmr/m/n/12 . 
 []


Overfull \hbox (24.18556pt too wide) in paragraph at lines 1139--1141
[]\TU/lmtt/m/n/12 primary=17\TU/lmr/m/n/12 , \TU/lmtt/m/n/12 secondary=15\TU/lmr/m/n/12 , \TU/lmtt/m/n/12 tertiary=13\TU/lmr/m/n/12 , \TU/lmtt/m/n/12 residential=11\TU/lmr/m/n/12 , \TU/lmtt/m/n/12 living_-street=6\TU/lmr/m/n/12 ,
 []


Underfull \hbox (badness 10000) in paragraph at lines 1147--1149
[]\TU/lmtt/m/n/12 default_-highway_-surface_-dict\TU/lmr/m/n/12 , \TU/lmtt/m/n/12 default_-cycleway_-surface_-*\TU/lmr/m/n/12 ,
 []



[69

]
Underfull \hbox (badness 1158) in paragraph at lines 1159--1161
[]\TU/lmtt/m/n/12 highway_-factor_-dict_-weights \TU/lmr/m/n/12 (higher weight for mixed with motor
 []



[70]
Overfull \hbox (0.38625pt too wide) in paragraph at lines 1196--1197
[]\TU/lmr/m/n/12 Default one-way flags for cycle facilities: \TU/lmtt/m/n/12 default_-oneway_-cycle_-lane
 []


Overfull \hbox (4.99995pt too wide) in paragraph at lines 1209--1211
[]\TU/lmr/bx/n/12 By highway type (examples): \TU/lmtt/m/n/12 primary=17\TU/lmr/m/n/12 , \TU/lmtt/m/n/12 secondary=15\TU/lmr/m/n/12 , \TU/lmtt/m/n/12 tertiary=13\TU/lmr/m/n/12 ,
 []


Underfull \hbox (badness 10000) in paragraph at lines 1209--1211
\TU/lmtt/m/n/12 residential=11\TU/lmr/m/n/12 , \TU/lmtt/m/n/12 living_-street=6\TU/lmr/m/n/12 , \TU/lmtt/m/n/12 service=4\TU/lmr/m/n/12 , \TU/lmtt/m/n/12 pedestrian=6\TU/lmr/m/n/12 ,
 []

LaTeX Font Info:    Font shape `TU/lmtt/bx/n' in size <12> not available
(Font)              Font shape `TU/lmtt/b/n' tried instead on input line 1222.


[71

]
Overfull \hbox (22.89192pt too wide) in paragraph at lines 1238--1239
[]\TU/lmtt/b/n/12 smoothness_-factor_-dict\TU/lmr/bx/n/12 : \TU/lmtt/m/n/12 excellent=1.10\TU/lmr/m/n/12 , \TU/lmtt/m/n/12 good=1.00\TU/lmr/m/n/12 , \TU/lmtt/m/n/12 intermediate=0.70\TU/lmr/m/n/12 ,
 []


Underfull \hbox (badness 10000) in paragraph at lines 1238--1239
\TU/lmtt/m/n/12 bad=0.30\TU/lmr/m/n/12 , \TU/lmtt/m/n/12 very_-bad=0.20\TU/lmr/m/n/12 , \TU/lmtt/m/n/12 horrible=0.15\TU/lmr/m/n/12 , \TU/lmtt/m/n/12 very_-horrible=0.10\TU/lmr/m/n/12 ,
 []


Underfull \hbox (badness 7704) in paragraph at lines 1245--1247
[]\TU/lmtt/b/n/12 highway_-factor_-dict \TU/lmr/bx/n/12 (examples): \TU/lmtt/m/n/12 motorway=0.10\TU/lmr/m/n/12 , \TU/lmtt/m/n/12 trunk=0.15\TU/lmr/m/n/12 ,
 []


Underfull \hbox (badness 2717) in paragraph at lines 1245--1247
\TU/lmtt/m/n/12 primary=0.35\TU/lmr/m/n/12 , \TU/lmtt/m/n/12 secondary=0.65\TU/lmr/m/n/12 , \TU/lmtt/m/n/12 tertiary=0.85\TU/lmr/m/n/12 , \TU/lmtt/m/n/12 residential=1.00\TU/lmr/m/n/12 ,
 []


Underfull \hbox (badness 10000) in paragraph at lines 1286--1287
[]\TU/lmtt/m/n/12 none=0\TU/lmr/m/n/12 ; \TU/lmtt/m/n/12 studs=0.1\TU/lmr/m/n/12 ; \TU/lmtt/m/n/12 kerb/flex_-post/greenery=0.30.5\TU/lmr/m/n/12 ; \TU/lmtt/m/n/12 planter=0.6\TU/lmr/m/n/12 ;
 []



[72]
Overfull \hbox (6.63991pt too wide) in paragraph at lines 1304--1305
[]\TU/lmtt/m/n/12 no=100\TU/lmr/m/n/12 , \TU/lmtt/m/n/12 agricultural/forestry=90\TU/lmr/m/n/12 , \TU/lmtt/m/n/12 private/customers/delivery/permit=80\TU/lmr/m/n/12 ,
 []


Underfull \hbox (badness 2478) in paragraph at lines 1314--1314
[][]\TU/lmr/bx/n/14.4 F. Data completeness weights (penalties for missing
 []


Underfull \hbox (badness 10000) in paragraph at lines 1316--1317
\TU/lmtt/m/n/12 width=25\TU/lmr/m/n/12 , \TU/lmtt/m/n/12 surface=30\TU/lmr/m/n/12 , \TU/lmtt/m/n/12 smoothness=10\TU/lmr/m/n/12 , \TU/lmtt/m/n/12 width:lanes=10\TU/lmr/m/n/12 , \TU/lmtt/m/n/12 parking=25\TU/lmr/m/n/12 ,
 []

Missing character: There is no  (U+2264) in font [lmroman12-regular]:mapping=tex-text;!


[73]
Underfull \hbox (badness 4621) in paragraph at lines 1338--1339
\TU/lmtt/m/n/12 smoothness\TU/lmr/m/n/12 , \TU/lmtt/m/n/12 cycleway*\TU/lmr/m/n/12 , \TU/lmtt/m/n/12 sidewalk*\TU/lmr/m/n/12 , \TU/lmtt/m/n/12 parking*\TU/lmr/m/n/12 , \TU/lmtt/m/n/12 separation*\TU/lmr/m/n/12 , \TU/lmtt/m/n/12 buffer*\TU/lmr/m/n/12 ,
 []



[74]
Overfull \hbox (11.54472pt too wide) in paragraph at lines 1374--1374
[]|\TU/lmr/m/n/9 borough_-mean_-impute|  
 []

Missing character: There is no  (U+2082) in font [lmroman9-regular]:mapping=tex-text;!
Missing character: There is no  (U+2082) in font [lmroman9-regular]:mapping=tex-text;!

Overfull \hbox (19.56488pt too wide) in paragraph at lines 1381--1381
[]|\TU/lmr/m/n/9 Natural-feature 
 []


Overfull \hbox (14.65988pt too wide) in paragraph at lines 1386--1386
[]|\TU/lmr/m/n/9 Normalization 
 []


Overfull \hbox (5.94788pt too wide) in paragraph at lines 1386--1386
\TU/lmr/m/n/9 composition|  
 []

Missing character: There is no  (U+2082) in font [lmroman9-regular]:mapping=tex-text;!
Missing character: There is no  (U+2082) in font [lmroman9-regular]:mapping=tex-text;!
[75

]

[76]

[77

] (./CASA-Thesis.aux)
 ***********
LaTeX2e <2025-06-01> patch level 1
L3 programming layer <2025-05-26>
 ***********

LaTeX Warning: There were multiply-defined labels.

Package logreq Info: Writing requests to 'CASA-Thesis.run.xml'.
\openout1 = `CASA-Thesis.run.xml'.

 ) 
Here is how much of TeX's memory you used:
 31798 strings out of 470481
 612666 string characters out of 5489404
 1715370 words of memory out of 5000000
 59600 multiletter control sequences out of 15000+600000
 634399 words of font info for 107 fonts, out of 8000000 for 9000
 36 hyphenation exceptions out of 8191
 90i,12n,114p,2670b,5077s stack positions out of 10000i,1000n,20000p,200000b,200000s

Output written on CASA-Thesis.pdf (89 pages).
